0 SpO2 Coeff  0 0 0 0  FFD7FBDD  0AB61FE
Ver: 0 32 9 23
rd algo size: 0 20 
rd algo size: 0 52 
rd algo size: 4 0 
sens+algo 
1.2 Status: 0
1.5 Status: 0
1.6 Status: 0
1.7 Status: 0
1.8 Status: 0
map leds to slots 0
map SpO2 to slots/PDs 0
1.14 status: 0
1.31 part id afe 0 36
1.32 who accel 0 1b
ppg1,ppg2,ppg3,ppg4,x,y,z,hr,hr_conf,spo2,spo2_conf,spo2_lo,spo2_unrel,scd,
140414,140410,2348,0,14,1,1006,600,0,0,0,0,0,2,
272175,272881,2363,0,13,2,1004,600,0,0,0,0,0,2,
320148,402932,2367,0,18,2,1005,600,0,0,0,0,0,2,
320150,446859,2370,0,16,2,1002,600,0,0,0,0,0,2,
320314,446956,2371,0,16,0,1005,600,0,0,0,0,0,2,
320449,446980,2369,0,15,0,1008,600,0,0,0,0,0,2,
320464,446966,2376,0,14,0,1000,600,0,0,0,0,0,2,
320584,446986,2379,0,17,2,1007,600,0,0,0,0,0,2,
320570,446939,2382,0,18,2,1006,600,0,0,0,0,0,2,
320257,446725,2377,0,17,2,1003,600,0,0,0,0,0,2,
319471,446219,2358,0,14,2,1003,700,0,0,0,0,0,2,
319028,445908,2352,0,17,2,1007,700,0,0,0,0,0,2,
398822,445790,2349,0,15,1,1006,700,0,0,0,0,0,2,
431182,445887,2345,0,16,2,1004,700,0,0,0,0,0,2,
431334,445955,2347,0,16,1,1008,700,0,0,0,0,0,2,
431584,445998,2349,0,15,1,1007,700,0,0,0,0,0,2,
431780,446031,2347,0,15,1,1004,700,0,0,0,0,0,2,
431787,445966,2353,0,16,2,1005,700,0,0,0,0,0,2,
431888,446000,2353,0,16,1,1007,700,0,0,0,0,0,2,
431949,445988,2351,0,16,1,1006,700,0,0,0,0,0,2,
432170,446068,2349,0,16,1,1006,700,0,0,0,0,0,2,
432441,446181,2346,0,16,1,1006,700,0,0,0,0,0,2,
432657,446229,2348,0,16,1,1006,700,0,0,0,0,0,2,
432789,446224,2349,0,16,1,1006,700,0,0,0,0,0,2,
432867,446252,2349,0,16,1,1006,700,0,0,0,0,0,2,
433009,446253,2352,0,16,1,1006,700,0,0,0,0,0,2,
433119,446286,2350,0,16,4,1006,700,0,0,0,0,0,2,
433278,446336,2351,0,15,3,1003,700,0,0,0,0,0,2,
433393,446360,2354,0,16,3,1006,700,0,0,0,0,0,2,
433383,446290,2357,0,16,3,1005,700,0,0,0,0,0,2,
433402,446267,2358,0,17,2,1006,700,0,0,0,0,0,2,
433441,446266,2358,0,15,3,1006,700,0,0,0,0,0,2,
432889,445970,2346,0,15,2,1006,700,0,0,0,0,0,2,
431630,445354,2332,0,14,3,1005,700,0,0,0,0,0,2,
431083,445102,2325,0,15,1,1007,700,0,0,0,0,0,2,
431149,445121,2326,0,14,3,1003,700,0,0,0,0,0,2,
431422,445260,2328,0,15,4,1005,700,0,0,0,0,0,2,
431617,445330,2327,0,16,3,1004,700,0,0,0,0,0,2,
432007,445488,2332,0,15,3,1007,700,0,0,0,0,0,2,
432438,445683,2340,0,13,4,1007,700,0,0,0,0,0,2,
432828,445801,2345,0,15,2,1007,700,0,0,0,0,0,2,
432898,445789,2348,0,13,3,1006,700,0,0,0,0,0,2,
432861,445723,2351,0,14,4,1004,700,0,0,0,0,0,2,
432848,445641,2354,0,14,4,1006,700,0,0,0,0,0,2,
432850,445604,2358,0,15,2,1005,700,0,0,0,0,0,2,
432900,445555,2361,0,15,4,1008,700,0,0,0,0,0,2,
432849,445501,2364,0,15,3,1009,700,0,0,0,0,0,2,
432903,445468,2364,0,14,2,1004,700,0,0,0,0,0,2,
432954,445471,2365,0,14,4,1006,700,0,0,0,0,0,2,
433152,445555,2368,0,14,3,1005,700,0,0,0,0,0,2,
433140,445492,2373,0,15,5,1006,700,0,0,0,0,0,2,
433074,445444,2377,0,13,5,1005,700,0,0,0,0,0,2,
433127,445456,2382,0,14,4,1007,700,0,0,0,0,0,2,
433225,445468,2382,0,13,2,1003,700,0,0,0,0,0,2,
433171,445396,2388,0,14,4,1005,700,0,0,0,0,0,2,
432898,445246,2384,0,13,3,1004,700,0,0,0,0,0,2,
431852,444785,2368,0,15,2,1005,700,0,0,0,0,0,2,
431357,444541,2362,0,12,3,1005,700,0,0,0,0,0,2,
431339,444527,2358,0,12,3,1004,700,0,0,0,0,0,2,
431531,444611,2360,0,14,3,1003,700,0,0,0,0,0,2,
431531,444611,2360,0,14,3,1003,700,0,0,0,0,0,2,
431693,444657,2363,0,15,5,1005,700,0,0,0,0,0,2,
431871,444706,2367,0,14,3,1007,700,0,0,0,0,0,2,
432212,444847,2374,0,13,2,1006,700,0,0,0,0,0,2,
432561,444977,2379,0,14,1,1004,700,0,0,0,0,0,2,
432673,444994,2379,0,13,2,1006,700,0,0,0,0,0,2,
432739,444978,2383,0,13,2,1006,700,0,0,0,0,0,2,
432788,444964,2386,0,14,3,1006,700,0,0,0,0,0,2,
432839,444959,2390,0,14,4,1007,700,0,0,0,0,0,2,
432940,444971,2392,0,14,4,1007,700,0,0,0,0,0,2,
433002,444957,2390,0,12,5,1004,700,0,0,0,0,0,2,
433170,445008,2392,0,15,4,1007,700,0,0,0,0,0,2,
433170,445008,2392,0,15,4,1007,700,0,0,0,0,0,2,
433187,445001,2394,0,14,3,1006,700,0,0,0,0,0,2,
433174,444920,2396,0,14,4,1005,700,0,0,0,0,0,2,
433180,444874,2394,0,13,5,1007,700,0,0,0,0,0,2,
433123,444798,2392,0,14,4,1008,700,0,0,0,0,0,2,
432991,444698,2391,0,13,5,1006,700,0,0,0,0,0,2,
432809,444578,2395,0,15,7,1008,700,0,0,0,0,0,2,
432719,444507,2396,0,14,5,1009,700,0,0,0,0,0,2,
432575,444447,2391,0,13,3,1007,700,0,0,0,0,0,2,
431759,444097,2370,0,12,3,1004,700,0,0,0,0,0,2,
430953,443769,2349,0,12,4,1006,700,0,0,0,0,0,2,
430652,443609,2345,0,12,4,1006,700,0,0,0,0,0,2,
430643,443604,2341,0,13,4,1003,700,0,0,0,0,0,2,
430760,443649,2336,0,13,4,1007,700,0,0,0,0,0,2,
430919,443737,2334,0,12,3,1004,700,0,0,0,0,0,2,
431169,443831,2334,0,11,4,1006,700,0,0,0,0,0,2,
431260,443828,2338,0,10,5,1004,700,0,0,0,0,0,2,
431087,443728,2338,0,11,4,1005,700,0,0,0,0,0,2,
431140,443728,2340,0,13,6,1008,700,0,0,0,0,0,2,
431143,443698,2340,0,13,5,1007,699,0,0,0,0,0,3,
431177,443703,2340,0,13,3,1006,699,0,0,0,0,0,3,
431326,443777,2341,0,12,4,1006,699,0,0,0,0,0,3,
431485,443832,2345,0,12,4,1006,699,0,0,0,0,0,3,
431673,443920,2348,0,12,6,1005,699,0,0,0,0,0,3,
431788,443947,2351,0,13,4,1004,699,0,0,0,0,0,3,
431858,443934,2352,0,11,5,1006,699,0,0,0,0,0,3,
432003,444035,2348,0,12,5,1007,699,0,0,0,0,0,3,
432187,444079,2353,0,11,6,1006,699,0,0,0,0,0,3,
432275,444109,2356,0,12,6,1004,699,0,0,0,0,0,3,
432382,444138,2358,0,13,5,1003,699,0,0,0,0,0,3,
432548,444211,2360,0,12,5,1008,699,0,0,0,0,0,3,
432635,444244,2356,0,14,4,1009,699,0,0,0,0,0,3,
432191,444020,2351,0,12,5,1007,699,0,0,0,0,0,3,
431205,443582,2335,0,13,5,1007,699,0,0,0,0,0,3,
430857,443419,2328,0,14,5,1006,699,0,0,0,0,0,3,
430959,443465,2329,0,12,6,1006,699,0,0,0,0,0,3,
431066,443512,2329,0,15,6,1005,699,0,0,0,0,0,3,
431185,443536,2328,0,14,4,1008,699,0,0,0,0,0,3,
431455,443643,2337,0,14,4,1004,699,0,0,0,0,0,3,
431901,443847,2343,0,13,4,1005,699,0,0,0,0,0,3,
432180,443947,2347,0,12,4,1006,699,0,0,0,0,0,3,
432196,443931,2348,0,14,3,1005,699,0,0,0,0,0,3,
432229,443892,2347,0,14,5,1007,699,0,0,0,0,0,3,
432193,443837,2353,0,13,3,1005,699,0,0,0,0,0,3,
432224,443826,2356,0,13,6,1005,699,0,0,0,0,0,3,
432316,443845,2360,0,14,4,1006,699,0,0,0,0,0,3,
432418,443896,2364,0,12,4,1006,699,0,0,0,0,0,3,
432668,443969,2362,0,13,4,1006,699,0,0,0,0,0,3,
432752,443978,2364,0,13,4,1007,699,0,0,0,0,0,3,
432849,444020,2368,0,14,4,1006,699,0,0,0,0,0,3,
432965,444060,2370,0,13,4,1006,699,0,0,0,0,0,3,
433013,444067,2372,0,14,5,1008,699,0,0,0,0,0,3,
433093,444064,2372,0,13,3,1006,699,0,0,0,0,0,3,
433205,444102,2372,0,13,5,1007,699,0,0,0,0,0,3,
433156,444046,2374,0,14,5,1006,700,0,0,0,0,0,3,
432521,443729,2362,0,13,4,1003,700,0,0,0,0,0,3,
431458,443251,2344,0,14,6,1007,700,0,0,0,0,0,3,
430997,442999,2337,0,15,5,1007,700,0,0,0,0,0,3,
430792,442885,2330,0,16,5,1007,700,0,0,0,0,0,3,
430756,442872,2330,0,16,4,1007,700,0,0,0,0,0,3,
430813,442877,2330,0,13,4,1007,700,0,0,0,0,0,3,
430992,442959,2334,0,12,6,1007,700,0,0,0,0,0,3,
431183,443025,2334,0,13,5,1007,700,0,0,0,0,0,3,
431205,443011,2331,0,14,6,1008,700,0,0,0,0,0,3,
431299,443075,2330,0,15,6,1005,700,0,0,0,0,0,3,
431426,443110,2331,0,13,6,1006,700,0,0,0,0,0,3,
431654,443199,2332,0,13,4,1008,700,0,0,0,0,0,3,
431900,443307,2336,0,15,5,1008,700,0,0,0,0,0,3,
432089,443358,2338,0,15,3,1006,700,0,0,0,0,0,3,
432308,443428,2337,0,14,6,1005,702,0,0,0,0,0,3,
432486,443467,2339,0,15,4,1005,702,0,0,0,0,0,3,
432636,443544,2342,0,14,4,1002,702,0,0,0,0,0,3,
432740,443546,2342,0,14,3,1007,702,0,0,0,0,0,3,
432691,443473,2344,0,13,3,1005,702,0,0,0,0,0,3,
432689,443436,2341,0,11,5,1009,703,0,0,0,0,0,3,
432663,443379,2345,0,16,4,1006,703,0,0,0,0,0,3,
432545,443283,2349,0,15,5,1007,703,0,0,0,0,0,3,
432256,443114,2345,0,13,5,1004,703,0,0,0,0,0,3,
431218,442653,2326,0,15,5,1009,703,0,0,0,0,0,3,
430451,442327,2310,0,14,4,1005,704,0,0,0,0,0,3,
430248,442239,2302,0,13,5,1006,704,0,0,0,0,0,3,
430273,442268,2305,0,14,4,1005,704,0,0,0,0,0,3,
430310,442272,2304,0,15,2,1005,704,0,0,0,0,0,3,
430360,442255,2303,0,15,5,1007,704,0,0,0,0,0,3,
430520,442298,2305,0,15,6,1006,705,0,0,0,0,0,3,
430697,442376,2304,0,14,3,1007,705,0,0,0,0,0,3,
430611,442302,2310,0,13,4,1005,705,0,0,0,0,0,3,
430523,442253,2310,0,12,4,1006,705,0,0,0,0,0,3,
430503,442251,2311,0,14,4,1008,705,0,0,0,0,0,3,
430439,442205,2314,0,14,5,1007,706,0,0,0,0,0,3,
430641,442312,2314,0,13,5,1008,706,0,0,0,0,0,3,
430872,442428,2318,0,12,3,1006,706,0,0,0,0,0,3,
431018,442454,2324,0,14,4,1002,706,0,0,0,0,0,3,
430988,442437,2329,0,15,6,1006,706,0,0,0,0,0,3,
430965,442382,2333,0,12,5,1008,709,0,0,0,0,0,3,
430784,442264,2336,0,14,5,1006,709,0,0,0,0,0,3,
430594,442138,2340,0,15,7,1007,709,0,0,0,0,0,3,
430426,442039,2347,0,14,6,1008,709,0,0,0,0,0,3,
430184,441899,2351,0,13,4,1007,709,0,0,0,0,0,3,
430055,441798,2357,0,12,5,1008,711,0,0,0,0,0,3,
429614,441575,2352,0,14,5,1005,711,0,0,0,0,0,3,
428147,440891,2328,0,16,5,1005,711,0,0,0,0,0,3,
426990,440372,2317,0,13,5,1005,711,0,0,0,0,0,3,
426360,440111,2308,0,11,4,1009,711,0,0,0,0,0,3,
426098,440036,2305,0,14,7,1003,714,0,0,0,0,0,3,
425901,439952,2301,0,15,5,1005,714,0,0,0,0,0,3,
425657,439824,2295,0,12,4,1006,714,0,0,0,0,0,3,
425686,439857,2297,0,12,5,1005,714,0,0,0,0,0,3,
425924,439998,2297,0,13,4,1008,714,0,0,0,0,0,3,
426101,440089,2294,0,14,6,1007,717,0,0,0,0,0,3,
426032,440038,2293,0,15,5,1003,717,0,0,0,0,0,3,
426038,440038,2292,0,13,5,1007,650,100,0,0,0,0,3,
426176,440113,2293,0,11,3,1008,650,100,0,0,0,0,3,
426139,440078,2302,0,12,3,1005,650,100,0,0,0,0,3,
426095,440023,2311,0,15,4,1009,650,100,0,0,0,0,3,
426140,440025,2316,0,16,4,1005,650,100,0,0,0,0,3,
426124,440024,2322,0,14,6,1006,650,100,0,0,0,0,3,
426247,440066,2324,0,13,4,1006,650,100,0,0,0,0,3,
426384,440151,2330,0,10,2,1005,773,100,0,0,0,0,3,
426471,440229,2333,0,14,6,1008,771,100,0,0,0,0,3,
426754,440370,2336,0,13,5,1009,768,100,0,0,0,0,3,
427276,440682,2335,0,17,5,1005,763,100,0,0,0,0,3,
427951,441029,2328,0,17,5,1005,757,100,0,0,0,0,3,
428251,441202,2328,0,10,4,1008,753,100,0,0,0,0,3,
427453,440758,2317,0,10,0,1003,755,100,0,0,0,0,3,
426179,440135,2297,0,12,4,1004,753,100,0,0,0,0,3,
425247,439727,2284,0,15,7,1004,749,100,0,0,0,0,3,
424849,439563,2273,0,17,7,1009,745,100,0,0,0,0,3,
424634,439464,2265,0,14,6,1005,744,100,0,0,0,0,3,
424549,439460,2264,0,13,5,1005,741,100,0,0,0,0,3,
424721,439581,2263,0,12,4,1004,738,100,0,0,0,0,3,
424966,439668,2265,0,11,5,1005,736,100,0,0,0,0,3,
425054,439670,2266,0,11,7,1006,733,100,0,0,0,0,3,
425082,439689,2262,0,13,5,1009,732,100,0,0,0,0,3,
424880,439568,2266,0,11,4,1007,729,100,0,0,0,0,3,
424791,439497,2268,0,12,5,1006,723,100,0,0,0,0,3,
424877,439572,2268,0,13,7,1004,717,100,0,0,0,0,3,
424943,439582,2269,0,16,8,1008,714,100,0,0,0,0,3,
424975,439573,2268,0,13,6,1008,712,100,0,0,0,0,3,
425053,439605,2271,0,13,6,1006,709,100,0,0,0,0,3,
425115,439609,2273,0,11,6,1007,706,100,0,0,0,0,3,
425153,439619,2276,0,11,7,1008,703,100,0,0,0,0,3,
425229,439639,2279,0,15,6,1006,700,100,0,0,0,0,3,
425388,439748,2280,0,14,7,1005,696,100,0,0,0,0,3,
425649,439881,2279,0,12,6,1006,693,100,0,0,0,0,3,
425932,439996,2287,0,12,6,1005,691,100,0,0,0,0,3,
426057,440024,2293,0,12,4,1005,688,100,0,0,0,0,3,
426083,440023,2293,0,15,7,1008,689,100,0,0,0,0,3,
425350,439701,2279,0,16,7,1005,688,100,0,0,0,0,3,
424492,439333,2260,0,14,6,1008,689,100,0,0,0,0,3,
424050,439154,2254,0,12,4,1006,690,100,0,0,0,0,3,
423949,439140,2252,0,11,5,1005,690,100,0,0,0,0,3,
424007,439177,2249,0,15,5,1005,690,100,0,0,0,0,3,
424095,439230,2248,0,14,5,1005,690,100,0,0,0,0,3,
424395,439367,2251,0,13,5,1007,691,100,0,0,0,0,3,
424549,439405,2256,0,13,5,1007,691,100,0,0,0,0,3,
424607,439423,2258,0,14,4,1007,693,100,0,0,0,0,3,
424750,439493,2258,0,15,6,1006,697,100,0,0,0,0,3,
424864,439572,2262,0,14,6,1005,700,100,0,0,0,0,3,
425045,439618,2266,0,14,6,1006,700,100,0,0,0,0,3,
425167,439667,2268,0,12,5,1005,698,100,0,0,0,0,3,
425229,439669,2277,0,11,4,1010,695,100,0,0,0,0,3,
425243,439649,2286,0,14,6,1007,691,100,0,0,0,0,3,
425431,439738,2291,0,17,6,1006,687,100,0,0,0,0,3,
425542,439768,2295,0,16,7,1007,684,100,0,0,0,0,3,
425696,439855,2294,0,12,5,1008,682,100,0,0,0,0,3,
425861,439910,2301,0,10,5,1007,680,100,0,0,0,0,3,
425925,439937,2306,0,13,5,1006,678,100,0,0,0,0,3,
425994,439951,2313,0,15,6,1005,677,100,0,0,0,0,3,
426134,439990,2318,0,15,6,1008,676,100,0,0,0,0,3,
426015,439945,2314,0,13,6,1005,679,100,0,0,0,0,3,
425252,439583,2299,0,14,4,1005,683,100,0,0,0,0,3,
424564,439320,2282,0,12,3,1002,685,100,0,0,0,0,3,
424135,439154,2276,0,12,5,1003,686,100,0,0,0,0,3,
424138,439184,2273,0,15,5,1005,684,100,0,0,0,0,3,
424166,439190,2271,0,15,5,1005,681,100,0,0,0,0,3,
424059,439126,2270,0,14,4,1008,678,100,0,0,0,0,3,
424091,439116,2276,0,14,4,1005,675,100,0,0,0,0,3,
424261,439191,2282,0,13,5,1006,674,100,0,0,0,0,3,
424371,439215,2284,0,13,5,1002,672,100,0,0,0,0,3,
424297,439166,2286,0,12,6,1006,670,100,0,0,0,0,3,
424214,439098,2284,0,11,5,1004,669,100,0,0,0,0,3,
424277,439105,2290,0,12,4,1007,669,100,0,0,0,0,3,
424311,439101,2296,0,12,5,1005,669,100,0,0,0,0,3,
424492,439175,2299,0,14,8,1005,669,100,0,0,0,0,3,
424711,439286,2304,0,13,6,1006,669,100,0,0,0,0,3,
424943,439398,2307,0,14,6,1006,670,100,0,0,0,0,3,
425224,439527,2307,0,12,4,1007,669,100,0,0,0,0,3,
425465,439633,2312,0,12,6,1003,668,100,0,0,0,0,3,
425620,439680,2316,0,12,5,1005,668,100,0,0,0,0,3,
425626,439647,2320,0,11,5,1006,668,100,0,0,0,0,3,
425689,439662,2325,0,13,7,1004,668,100,0,0,0,0,3,
425858,439722,2326,0,14,7,1006,668,100,0,0,0,0,3,
425892,439749,2331,0,12,6,1005,668,100,0,0,0,0,3,
425355,439488,2320,0,14,6,1006,668,100,0,0,0,0,3,
424329,439025,2303,0,12,5,1004,667,100,0,0,0,0,3,
423483,438627,2294,0,12,6,1008,669,100,0,0,0,0,3,
422964,438383,2287,0,13,6,1007,672,100,0,0,0,0,3,
422768,438321,2280,0,15,7,1006,674,100,0,0,0,0,3,
422615,438245,2279,0,13,5,1004,671,100,0,0,0,0,3,
422472,438155,2281,0,11,7,1009,668,100,0,0,0,0,3,
422585,438200,2285,0,13,7,1006,667,100,0,0,0,0,3,
422666,438218,2284,0,14,5,1005,667,100,0,0,0,0,3,
422642,438190,2283,0,13,7,1006,667,100,0,0,0,0,3,
422635,438188,2286,0,10,5,1007,667,100,0,0,0,0,3,
422629,438191,2288,0,12,6,1005,667,100,0,0,0,0,3,
422697,438204,2291,0,12,5,1007,666,100,0,0,0,0,3,
422819,438233,2296,0,12,6,1007,666,100,0,0,0,0,3,
422868,438219,2295,0,12,7,1005,665,100,0,0,0,0,3,
422935,438232,2301,0,14,7,1005,665,100,0,0,0,0,3,
423189,438355,2303,0,13,7,1005,664,100,0,0,0,0,3,
423396,438466,2303,0,11,6,1007,664,100,0,0,0,0,3,
423515,438483,2307,0,11,5,1006,663,100,0,0,0,0,3,
423837,438677,2303,0,11,7,1007,663,100,0,0,0,0,3,
424279,438893,2303,0,13,5,1007,662,100,0,0,0,0,3,
424568,439042,2305,0,13,5,1004,662,100,0,0,0,0,3,
425048,439298,2307,0,11,5,1004,661,100,0,0,0,0,3,
425377,439443,2306,0,11,6,1007,661,100,0,0,0,0,3,
424592,439061,2293,0,12,5,1007,660,100,0,0,0,0,3,
423700,438663,2274,0,11,6,1015,660,100,0,0,0,0,3,
423170,438449,2268,0,14,7,1000,659,100,0,0,0,0,3,
422947,438336,2264,0,13,6,1007,659,100,0,0,0,0,3,
422976,438372,2258,0,11,7,1008,658,100,0,0,0,0,3,
423052,438424,2255,0,13,7,1002,658,100,0,0,0,0,3,
423219,438498,2255,0,9,6,1007,658,100,0,0,0,0,3,
423486,438592,2263,0,11,6,1006,658,100,0,0,0,0,3,
423719,438703,2264,0,11,6,1006,658,100,0,0,0,0,3,
423953,438805,2264,0,14,5,1008,658,100,0,0,0,0,3,
424128,438885,2265,0,14,6,1005,659,100,0,0,0,0,3,
424426,438982,2264,0,11,5,1004,659,100,0,0,0,0,3,
424839,439200,2266,0,11,5,1004,659,100,0,0,0,0,3,
425151,439305,2270,0,12,5,1006,659,100,0,0,0,0,3,
425420,439396,2273,0,12,5,1005,659,100,0,0,0,0,3,
425813,439614,2277,0,13,6,1008,659,100,0,0,0,0,3,
426252,439783,2281,0,17,6,1005,660,100,0,0,0,0,3,
426469,439844,2284,0,13,7,1006,659,100,0,0,0,0,3,
426728,439955,2290,0,14,5,1009,659,100,0,0,0,0,3,
426968,440051,2298,0,12,5,1004,658,100,0,0,0,0,3,
427018,440049,2306,0,11,6,1007,658,100,0,0,0,0,3,
427031,440013,2313,0,12,5,1004,657,100,0,0,0,0,3,
427217,440095,2317,0,13,7,1008,657,100,0,0,0,0,3,
427272,440069,2328,0,14,7,1005,658,100,0,0,0,0,3,
426483,439658,2319,0,14,5,1007,658,100,0,0,0,0,3,
425336,439154,2302,0,12,6,1006,658,100,0,0,0,0,3,
424791,438922,2299,0,10,7,1007,658,100,0,0,0,0,3,
424711,438913,2292,0,12,4,1007,658,100,0,0,0,0,3,
424764,438945,2292,0,12,7,1005,658,100,0,0,0,0,3,
424804,438970,2294,0,13,5,1009,657,100,0,0,0,0,3,
425021,439078,2297,0,13,6,1007,657,100,0,0,0,0,3,
425445,439251,2302,0,11,6,1005,657,100,0,0,0,0,3,
425664,439353,2304,0,10,5,1007,656,100,0,0,0,0,3,
425768,439375,2301,0,11,6,1006,656,100,0,0,0,0,3,
425962,439460,2305,0,12,6,1003,656,100,0,0,0,0,3,
426493,439732,2308,0,13,5,1009,656,100,0,0,0,0,3,
427023,439980,2313,0,15,7,1009,655,100,0,0,0,0,3,
427601,440278,2318,0,14,6,1006,655,100,0,0,0,0,3,
428225,440553,2318,0,12,4,1006,655,100,0,0,0,0,3,
428541,440665,2327,0,10,6,1003,654,100,0,0,0,0,3,
428828,440787,2332,0,11,6,1003,654,100,0,0,0,0,3,
429085,440886,2335,0,10,5,1007,654,100,0,0,0,0,3,
429104,440845,2342,0,12,6,1007,654,100,0,0,0,0,3,
429200,440866,2345,0,14,6,1006,653,100,0,0,0,0,3,
429386,440938,2346,0,14,7,1005,653,100,0,0,0,0,3,
429516,440977,2351,0,10,5,1004,653,100,0,0,0,0,3,
429751,441053,2356,0,10,4,1004,653,100,0,0,0,0,3,
429598,440947,2358,0,12,5,1006,653,100,0,0,0,0,3,
428179,440250,2340,0,12,6,1007,653,100,0,0,0,0,3,
426964,439722,2320,0,11,7,1004,653,100,0,0,0,0,3,
426591,439564,2316,0,13,5,1007,653,100,0,0,0,0,3,
426474,439490,2313,0,11,5,1007,652,100,0,0,0,0,3,
426435,439445,2309,0,9,4,1007,652,100,0,0,0,0,3,
426386,439413,2307,0,11,5,1004,652,100,0,0,0,0,3,
426538,439456,2307,0,16,7,1007,651,100,0,0,0,0,3,
426825,439585,2313,0,15,6,1000,651,100,0,0,0,0,3,
426973,439620,2315,0,14,9,1010,651,100,0,0,0,0,3,
426690,439420,2318,0,12,4,999,651,100,0,0,0,0,3,
426584,439381,2320,0,12,5,1014,650,100,0,0,0,0,3,
426805,439469,2318,0,11,7,1007,650,100,0,0,0,0,3,
427167,439618,2325,0,10,6,1005,650,100,0,0,0,0,3,
427167,439618,2325,0,10,6,1005,650,100,0,0,0,0,3,
427479,439767,2329,0,12,5,1008,649,100,0,0,0,0,3,
427818,439941,2333,0,14,8,1009,649,100,0,0,0,0,3,
428105,440072,2334,0,14,5,1005,648,100,0,0,0,0,3,
428339,440177,2336,0,12,5,1009,648,100,0,0,0,0,3,
428614,440317,2334,0,11,7,1004,648,100,0,0,0,0,3,
428877,440388,2339,0,13,6,1007,648,100,0,0,0,0,3,
428960,440429,2342,0,12,5,1007,648,100,0,0,0,0,3,
429048,440419,2345,0,11,5,1006,647,100,0,0,0,0,3,
429066,440427,2347,0,13,7,1007,648,100,0,0,0,0,3,
429049,440390,2345,0,12,5,1008,648,100,0,0,0,0,3,
428665,440200,2341,0,11,5,1007,648,100,0,0,0,0,3,
427371,439605,2320,0,13,6,1005,648,100,0,0,0,0,3,
426433,439175,2306,0,11,5,1003,648,100,0,0,0,0,3,
426066,439042,2300,0,12,6,1008,648,100,0,0,0,0,3,
425963,439008,2294,0,12,6,1007,648,100,0,0,0,0,3,
425924,439011,2291,0,13,6,1004,647,100,0,0,0,0,3,
425901,438993,2292,0,13,6,1004,647,100,0,0,0,0,3,
426095,439059,2297,0,11,7,1008,647,100,0,0,0,0,3,
426339,439160,2303,0,11,6,1007,647,100,0,0,0,0,3,
426425,439188,2304,0,11,6,1005,647,100,0,0,0,0,3,
426377,439156,2304,0,12,5,1005,646,100,0,0,0,0,3,
426388,439153,2309,0,12,7,1009,646,100,0,0,0,0,3,
426558,439228,2313,0,11,6,1008,646,100,0,0,0,0,3,
426872,439366,2318,0,12,6,1005,646,100,0,0,0,0,3,
427124,439490,2322,0,12,6,1005,646,100,0,0,0,0,3,
427418,439604,2325,0,11,6,1007,645,100,0,0,0,0,3,
427551,439660,2331,0,12,7,1007,645,100,0,0,0,0,3,
427757,439741,2336,0,11,7,1006,645,100,0,0,0,0,3,
427955,439829,2340,0,12,6,1007,645,100,997,24,0,0,3,
428168,439924,2344,0,10,6,1006,645,100,997,24,0,0,3,
428304,439958,2345,0,10,6,1005,645,100,997,24,0,0,3,
428390,439999,2347,0,12,6,1005,645,100,997,24,0,0,3,
428628,440106,2351,0,12,6,1006,644,100,997,24,0,0,3,
428748,440139,2356,0,11,7,1005,644,100,997,24,0,0,3,
428482,440010,2355,0,12,6,1006,644,100,997,24,0,0,3,
427202,439392,2336,0,12,6,1005,644,100,997,24,0,0,3,
426067,438880,2316,0,11,8,1010,717,100,997,24,0,0,3,
425469,438594,2312,0,9,8,1005,717,100,997,24,0,0,3,
425204,438485,2308,0,12,8,1005,717,100,997,24,0,0,3,
425131,438483,2306,0,13,8,1006,707,100,997,24,0,0,3,
425139,438461,2306,0,12,6,1008,707,100,997,24,0,0,3,
425158,438456,2307,0,11,7,1006,707,100,997,24,0,0,3,
425376,438564,2312,0,11,8,1003,707,100,997,24,0,0,3,
425497,438633,2315,0,11,6,1005,707,100,997,24,0,0,3,
425563,438636,2317,0,10,6,1007,692,100,997,24,0,0,3,
425671,438671,2318,0,11,6,1006,692,100,997,24,0,0,3,
425855,438787,2319,0,12,9,1006,692,100,997,24,0,0,3,
426218,438940,2318,0,12,7,1006,692,100,997,24,0,0,3,
426541,439082,2324,0,10,8,1006,692,100,997,24,0,0,3,
426885,439233,2328,0,11,8,1007,677,100,997,24,0,0,3,
427158,439347,2331,0,12,7,1006,677,100,997,24,0,0,3,
427384,439451,2334,0,12,6,1007,677,100,997,24,0,0,3,
427604,439538,2333,0,12,5,1007,677,100,997,24,0,0,3,
427715,439563,2340,0,12,7,1006,677,100,998,27,0,0,3,
427889,439635,2341,0,11,7,1005,661,100,998,27,0,0,3,
428111,439725,2343,0,12,8,1006,661,100,998,27,0,0,3,
428380,439872,2345,0,12,7,1006,661,100,998,27,0,0,3,
428529,439900,2346,0,11,7,1008,661,100,998,27,0,0,3,
428491,439868,2348,0,11,8,1005,661,100,998,27,0,0,3,
427973,439588,2343,0,11,9,1008,646,100,998,27,0,0,3,
426731,439013,2323,0,12,7,1007,646,100,998,27,0,0,3,
425821,438597,2310,0,12,6,1006,646,100,998,27,0,0,3,
425498,438446,2302,0,10,7,1006,646,100,998,27,0,0,3,
425401,438446,2297,0,11,7,1005,646,100,998,27,0,0,3,
425471,438497,2295,0,13,8,1005,642,100,998,27,0,0,3,
425558,438531,2296,0,12,9,1007,642,100,998,27,0,0,3,
425744,438592,2298,0,13,10,1008,642,100,998,27,0,0,3,
425910,438673,2302,0,11,8,1006,642,100,998,27,0,0,3,
426023,438732,2298,0,13,7,1010,642,100,998,27,0,0,3,
426198,438807,2301,0,12,6,1006,642,100,998,27,0,0,3,
426390,438904,2304,0,10,7,1006,642,100,998,27,0,0,3,
426636,439018,2305,0,11,9,1007,642,100,998,27,0,0,3,
426968,439160,2311,0,12,9,1007,642,100,998,27,0,0,3,
427399,439362,2312,0,11,6,1005,642,100,998,27,0,0,3,
427730,439511,2318,0,11,6,1008,641,100,998,27,0,0,3,
427925,439582,2322,0,11,6,1004,641,100,998,27,0,0,3,
428197,439719,2326,0,13,8,1008,641,100,998,27,0,0,3,
428421,439789,2329,0,12,9,1007,641,100,998,27,0,0,3,
428592,439871,2333,0,11,8,1006,641,100,999,29,0,0,3,
428710,439912,2334,0,12,9,1008,640,100,999,29,0,0,3,
428818,439939,2340,0,12,7,1004,640,100,999,29,0,0,3,
428916,439992,2346,0,12,9,1004,640,100,999,29,0,0,3,
429041,440035,2351,0,13,8,1008,640,100,999,29,0,0,3,
428788,439891,2349,0,14,7,1006,640,100,999,29,0,0,3,
427626,439315,2331,0,12,8,1008,640,100,999,29,0,0,3,
426704,438904,2322,0,12,6,1007,640,100,999,29,0,0,3,
426378,438784,2319,0,12,7,1008,640,100,999,29,0,0,3,
426406,438822,2317,0,13,7,1006,640,100,999,29,0,0,3,
426458,438848,2317,0,13,6,1006,640,100,999,29,0,0,3,
426539,438890,2316,0,11,7,1006,639,100,999,29,0,0,3,
426690,438936,2320,0,12,9,1004,639,100,999,29,0,0,3,
426837,438988,2326,0,11,7,1007,639,100,999,29,0,0,3,
426889,439018,2325,0,11,7,1006,639,100,999,29,0,0,3,
426826,438977,2323,0,13,6,1007,639,100,999,29,0,0,3,
426926,439042,2324,0,13,6,1004,639,100,999,29,0,0,3,
427137,439128,2322,0,11,7,1007,639,100,999,29,0,0,3,
427394,439249,2327,0,13,7,1007,639,100,999,29,0,0,3,
427660,439324,2332,0,12,8,1006,639,100,999,29,0,0,3,
427818,439416,2334,0,11,9,1005,639,100,999,29,0,0,3,
427929,439445,2335,0,13,7,1006,638,100,999,29,0,0,3,
427980,439440,2335,0,12,5,1006,638,100,999,29,0,0,3,
427988,439427,2340,0,11,7,1006,638,100,999,29,0,0,3,
427985,439388,2347,0,10,6,1006,638,100,999,29,0,0,3,
427990,439388,2351,0,14,9,1007,638,100,999,31,0,0,3,
428065,439399,2354,0,12,8,1005,637,100,999,31,0,0,3,
428132,439426,2355,0,11,6,1007,637,100,999,31,0,0,3,
427973,439308,2354,0,11,9,1007,637,100,999,31,0,0,3,
426928,438797,2341,0,12,7,1003,637,100,999,31,0,0,3,
426010,438411,2323,0,11,8,1006,637,100,999,31,0,0,3,
425572,438250,2315,0,11,7,1006,637,100,999,31,0,0,3,
425344,438136,2312,0,11,6,1006,637,100,999,31,0,0,3,
425239,438066,2306,0,12,7,1006,637,100,999,31,0,0,3,
425218,438058,2308,0,13,7,1007,637,100,999,31,0,0,3,
425279,438085,2311,0,12,8,1005,637,100,999,31,0,0,3,
425493,438187,2315,0,12,7,1007,636,100,999,31,0,0,3,
425501,438171,2316,0,12,8,1006,636,100,999,31,0,0,3,
425502,438158,2313,0,11,7,1005,636,100,999,31,0,0,3,
425619,438205,2316,0,10,8,1007,636,100,999,31,0,0,3,
425743,438252,2316,0,11,7,1007,636,100,999,31,0,0,3,
425934,438368,2317,0,11,8,1006,636,100,999,31,0,0,3,
426297,438530,2319,0,10,8,1004,636,100,999,31,0,0,3,
426682,438714,2320,0,12,8,1007,636,100,999,31,0,0,3,
426910,438785,2321,0,10,6,1006,636,100,999,31,0,0,3,
427101,438876,2324,0,10,7,1008,636,100,999,31,0,0,3,
427339,438978,2325,0,11,8,1007,636,100,999,31,0,0,3,
427497,439052,2329,0,10,7,1006,636,100,999,31,0,0,3,
427563,439056,2331,0,10,7,1004,636,100,999,31,0,0,3,
427539,439008,2328,0,10,7,1007,636,100,999,31,0,0,3,
427588,439025,2330,0,11,6,1003,636,100,999,33,0,0,3,
427636,439023,2331,0,12,7,1006,635,100,999,33,0,0,3,
426857,438612,2320,0,10,8,1006,635,100,999,33,0,0,3,
425578,438029,2300,0,10,8,1003,635,100,999,33,0,0,3,
424859,437726,2283,0,10,8,1007,635,100,999,33,0,0,3,
424472,437560,2278,0,11,7,1006,635,100,999,33,0,0,3,
424251,437452,2275,0,12,7,1007,635,100,999,33,0,0,3,
424062,437373,2273,0,12,6,1004,635,100,999,33,0,0,3,
424064,437369,2274,0,10,8,1006,635,100,999,33,0,0,3,
424291,437493,2276,0,10,7,1007,635,100,999,33,0,0,3,
424454,437557,2280,0,10,9,1005,635,100,999,33,0,0,3,
424569,437602,2283,0,10,6,1004,634,100,999,33,0,0,3,
424661,437642,2285,0,10,7,1006,634,100,999,33,0,0,3,
424921,437781,2289,0,10,8,1007,634,100,999,33,0,0,3,
425202,437888,2291,0,10,6,1007,634,100,999,33,0,0,3,
425355,437984,2291,0,11,7,1004,634,100,999,33,0,0,3,
425579,438044,2297,0,10,8,1005,634,100,999,33,0,0,3,
425816,438159,2302,0,10,7,1007,634,100,999,33,0,0,3,
426050,438236,2307,0,11,8,1007,634,100,999,33,0,0,3,
426144,438265,2310,0,10,8,1007,634,100,999,33,0,0,3,
426269,438312,2310,0,12,7,1008,634,100,999,33,0,0,3,
426529,438434,2316,0,12,7,1004,633,100,999,33,0,0,3,
426720,438517,2320,0,11,7,1006,633,100,999,33,0,0,3,
426845,438548,2326,0,10,8,1005,633,100,999,33,0,0,3,
426884,438549,2330,0,10,8,1007,633,100,999,33,0,0,3,
426443,438312,2328,0,12,8,1006,633,100,999,36,0,0,3,
425323,437797,2309,0,11,7,1007,633,100,999,36,0,0,3,
424585,437490,2299,0,11,8,1007,633,100,999,36,0,0,3,
424195,437353,2295,0,10,7,1006,633,100,999,36,0,0,3,
424021,437267,2295,0,10,7,1006,633,100,999,36,0,0,3,
423867,437213,2295,0,11,7,1006,633,100,999,36,0,0,3,
423963,437274,2292,0,10,8,1009,633,100,999,36,0,0,3,
424278,437424,2299,0,10,8,1005,633,100,999,36,0,0,3,
424697,437631,2304,0,11,8,1006,633,100,999,36,0,0,3,
425046,437803,2308,0,12,7,1006,633,100,999,36,0,0,3,
425253,437903,2311,0,12,8,1004,633,100,999,36,0,0,3,
425515,438021,2314,0,11,7,1007,632,100,999,36,0,0,3,
425790,438131,2317,0,12,8,1005,632,100,999,36,0,0,3,
426087,438254,2325,0,12,6,1005,632,100,999,36,0,0,3,
426333,438338,2329,0,12,7,1006,632,100,999,36,0,0,3,
426433,438380,2333,0,13,8,1008,632,100,999,36,0,0,3,
426556,438414,2336,0,13,8,1007,632,100,999,36,0,0,3,
426707,438495,2338,0,12,6,1007,632,100,999,36,0,0,3,
426812,438524,2344,0,11,7,1009,632,100,999,36,0,0,3,
426953,438553,2347,0,12,7,1007,632,100,999,36,0,0,3,
427019,438580,2349,0,13,7,1007,632,100,999,36,0,0,3,
427213,438649,2351,0,11,7,1007,632,100,999,36,0,0,3,
427422,438765,2349,0,13,8,1006,632,100,999,36,0,0,3,
427342,438703,2350,0,12,8,1006,632,100,999,36,0,0,3,
426481,438281,2334,0,12,7,1005,632,100,999,36,0,0,3,
425548,437875,2318,0,12,7,1008,632,100,999,38,0,0,3,
425155,437699,2311,0,12,7,1009,632,100,999,38,0,0,3,
425047,437684,2302,0,11,7,1008,632,100,999,38,0,0,3,
424859,437548,2301,0,11,9,1007,632,100,999,38,0,0,3,
424730,437478,2300,0,12,7,1006,632,100,999,38,0,0,3,
424910,437578,2301,0,12,6,1009,632,100,999,38,0,0,3,
425097,437629,2304,0,12,7,1006,631,100,999,38,0,0,3,
424998,437543,2305,0,11,7,1006,631,100,999,38,0,0,3,
424880,437474,2302,0,12,8,1006,631,100,999,38,0,0,3,
425002,437534,2304,0,12,9,1009,631,100,999,38,0,0,3,
425115,437592,2306,0,10,8,1008,631,100,999,38,0,0,3,
425178,437595,2310,0,12,7,1008,632,100,999,38,0,0,3,
425210,437597,2312,0,10,7,1006,632,100,999,38,0,0,3,
425299,437611,2311,0,11,8,1004,632,100,999,38,0,0,3,
425347,437631,2317,0,13,8,1008,632,100,999,38,0,0,3,
425442,437679,2321,0,11,8,1007,632,100,999,38,0,0,3,
425616,437755,2323,0,11,8,1008,632,100,999,38,0,0,3,
425794,437846,2326,0,10,6,1007,632,100,999,38,0,0,3,
425888,437869,2327,0,11,8,1007,632,100,999,38,0,0,3,
426066,437955,2328,0,11,8,1007,632,100,999,38,0,0,3,
426329,438051,2332,0,13,10,1010,632,100,999,38,0,0,3,
426385,438049,2337,0,10,9,1007,632,100,999,38,0,0,3,
425636,437687,2328,0,10,7,1008,632,100,999,38,0,0,3,
424694,437268,2312,0,11,8,1004,632,100,999,38,0,0,3,
424083,437003,2303,0,11,8,1008,632,100,999,38,0,0,3,
423847,436903,2302,0,10,7,1007,632,100,999,44,0,0,3,
423779,436869,2300,0,11,9,1006,632,100,999,44,0,0,3,
423719,436860,2300,0,10,7,1006,632,100,999,44,0,0,3,
423806,436883,2302,0,10,7,1007,632,100,999,44,0,0,3,
424066,437017,2304,0,9,8,1008,632,100,999,44,0,0,3,
424218,437061,2310,0,11,9,1007,632,100,999,44,0,0,3,
424270,437066,2315,0,10,8,1006,632,100,999,44,0,0,3,
424370,437122,2319,0,12,9,1006,632,100,999,44,0,0,3,
424507,437161,2325,0,9,8,1006,632,100,999,44,0,0,3,
424727,437252,2329,0,10,8,1007,632,100,999,44,0,0,3,
424932,437340,2338,0,10,8,1006,632,100,999,44,0,0,3,
425135,437421,2345,0,10,8,1005,632,100,999,44,0,0,3,
425321,437501,2353,0,10,9,1005,632,100,999,44,0,0,3,
425545,437602,2360,0,9,8,1008,632,100,999,44,0,0,3,
425711,437655,2367,0,11,7,1006,632,100,999,44,0,0,3,
425828,437698,2371,0,11,9,1007,632,100,999,44,0,0,3,
425977,437767,2378,0,10,9,1007,632,100,999,44,0,0,3,
426168,437886,2382,0,10,8,1007,632,100,999,44,0,0,3,
426430,437995,2389,0,12,9,1009,632,100,999,44,0,0,3,
426611,438063,2393,0,10,9,1007,632,100,999,44,0,0,3,
426623,438032,2391,0,10,8,1006,632,100,999,44,0,0,3,
425662,437553,2379,0,12,8,1009,632,100,999,44,0,0,3,
424590,437087,2362,0,10,8,1007,632,100,999,44,0,0,3,
424053,436838,2354,0,10,8,1007,632,100,999,44,0,0,3,
423853,436769,2347,0,10,7,1005,632,100,999,44,0,0,3,
423696,436699,2342,0,13,8,1006,632,100,999,49,0,0,3,
423581,436625,2335,0,11,8,1006,632,100,999,49,0,0,3,
423661,436677,2336,0,12,8,1009,632,100,999,49,0,0,3,
423934,436774,2335,0,11,9,1007,632,100,999,49,0,0,3,
424103,436859,2332,0,11,9,1005,632,100,999,49,0,0,3,
424114,436849,2326,0,10,8,1005,632,100,999,49,0,0,3,
424217,436890,2317,0,11,8,1006,633,100,999,49,0,0,3,
424355,436955,2317,0,10,8,1006,633,100,999,49,0,0,3,
424577,437057,2316,0,10,9,1006,633,100,999,49,0,0,3,
424813,437181,2315,0,11,7,1008,633,100,999,49,0,0,3,
425147,437335,2313,0,11,7,1005,633,100,999,49,0,0,3,
425473,437467,2309,0,11,8,1007,633,100,999,49,0,0,3,
425614,437521,2310,0,10,7,1009,633,100,999,49,0,0,3,
425715,437534,2311,0,11,9,1005,633,100,999,49,0,0,3,
425849,437587,2312,0,11,9,1009,633,100,999,49,0,0,3,
425956,437610,2313,0,12,9,1006,633,100,999,49,0,0,3,
426107,437686,2311,0,12,7,1008,633,100,999,49,0,0,3,
426267,437760,2310,0,11,7,1008,633,100,999,49,0,0,3,
426453,437845,2314,0,10,9,1003,633,100,999,49,0,0,3,
426557,437877,2315,0,11,9,1008,633,100,999,49,0,0,3,
425751,437464,2306,0,11,7,1008,633,100,999,49,0,0,3,
424522,436876,2290,0,11,8,1007,633,100,999,49,0,0,3,
423782,436568,2276,0,11,7,1008,633,100,999,49,0,0,3,
423373,436368,2273,0,10,7,1007,633,100,999,49,0,0,3,
423105,436250,2270,0,12,7,1010,633,100,999,49,0,0,3,
422968,436175,2266,0,11,8,1006,633,100,999,56,0,0,3,
422895,436136,2267,0,13,9,1006,633,100,999,56,0,0,3,
422993,436189,2266,0,11,7,1005,633,100,999,56,0,0,3,
423097,436223,2271,0,12,8,1006,633,100,999,56,0,0,3,
423039,436173,2272,0,12,6,1005,633,100,999,56,0,0,3,
422982,436131,2275,0,11,7,1006,633,100,999,56,0,0,3,
423036,436170,2279,0,10,5,1004,633,100,999,56,0,0,3,
423176,436236,2281,0,11,7,1007,633,100,999,56,0,0,3,
423302,436277,2284,0,11,7,1002,633,100,999,56,0,0,3,
423247,436232,2292,0,11,8,1005,633,100,999,56,0,0,3,
423061,436084,2297,0,12,7,1005,633,100,999,56,0,0,3,
422904,435994,2302,0,13,9,1007,633,100,999,56,0,0,3,
422918,435984,2304,0,12,7,1005,633,100,999,56,0,0,3,
422864,435960,2306,0,10,7,1004,633,100,999,56,0,0,3,
422759,435881,2312,0,10,6,1007,633,100,999,56,0,0,3,
422631,435770,2314,0,12,6,1007,633,100,999,56,0,0,3,
422470,435686,2319,0,13,8,1006,634,100,999,56,0,0,3,
422353,435623,2324,0,12,6,1006,634,100,999,56,0,0,3,
422438,435670,2324,0,12,7,1007,634,100,999,56,0,0,3,
421970,435488,2317,0,12,7,1006,634,100,999,56,0,0,3,
420745,434921,2305,0,10,9,1007,634,100,999,56,0,0,3,
419860,434546,2296,0,10,7,1007,635,100,999,56,0,0,3,
419503,434427,2291,0,10,7,1006,635,100,999,56,0,0,3,
419348,434381,2289,0,12,8,1006,635,100,999,56,0,0,3,
419216,434332,2290,0,12,7,1007,635,100,999,56,0,0,3,
419232,434331,2298,0,11,7,1007,635,100,999,60,0,0,3,
419383,434380,2309,0,12,9,1006,635,100,999,60,0,0,3,
419333,434358,2319,0,12,8,1007,635,100,999,60,0,0,3,
419222,434272,2323,0,12,8,1008,635,100,999,60,0,0,3,
419061,434200,2326,0,11,9,1007,635,100,999,60,0,0,3,
419013,434179,2334,0,11,7,1007,635,100,999,60,0,0,3,
419173,434255,2337,0,12,7,1008,636,100,999,60,0,0,3,
419444,434398,2339,0,12,9,1008,636,100,999,60,0,0,3,
419705,434533,2341,0,11,8,1008,636,100,999,60,0,0,3,
419979,434685,2338,0,11,9,1006,636,100,999,60,0,0,3,
420114,434744,2342,0,10,9,1007,636,100,999,60,0,0,3,
420272,434835,2343,0,12,8,1006,637,100,999,60,0,0,3,
420606,435016,2341,0,10,8,1007,637,100,999,60,0,0,3,
420888,435148,2342,0,12,7,1004,637,100,999,60,0,0,3,
421046,435237,2340,0,11,7,1006,637,100,999,60,0,0,3,
421323,435402,2334,0,12,8,1008,637,100,999,60,0,0,3,
421634,435543,2333,0,12,9,1006,637,100,999,60,0,0,3,
421718,435568,2332,0,13,7,1007,637,100,999,60,0,0,3,
421363,435402,2322,0,11,8,1007,637,100,999,60,0,0,3,
420386,434995,2300,0,12,7,1006,637,100,999,60,0,0,3,
419555,434659,2279,0,11,7,1006,637,100,999,60,0,0,3,
419140,434471,2271,0,10,7,1007,638,100,999,60,0,0,3,
418915,434389,2265,0,9,7,1006,638,100,999,60,0,0,3,
418820,434331,2263,0,12,9,1006,638,100,999,60,0,0,3,
418669,434260,2263,0,13,7,1007,638,100,999,60,0,0,3,
418765,434312,2268,0,12,8,1006,638,100,999,62,0,0,3,
419190,434505,2267,0,10,9,1007,639,100,999,62,0,0,3,
419370,434597,2271,0,11,7,1007,639,100,999,62,0,0,3,
419524,434677,2272,0,11,9,1005,639,100,999,62,0,0,3,
419772,434807,2274,0,10,7,1008,639,100,999,62,0,0,3,
419971,434912,2277,0,11,7,1007,639,100,999,62,0,0,3,
420280,435016,2276,0,11,8,1005,639,100,999,62,0,0,3,
420607,435180,2285,0,12,8,1007,639,100,999,62,0,0,3,
420607,435180,2285,0,12,8,1007,639,100,999,62,0,0,3,
420961,435355,2291,0,11,8,1008,639,100,999,62,0,0,3,
421274,435534,2295,0,10,9,1007,639,100,999,62,0,0,3,
421613,435674,2299,0,10,8,1008,639,100,999,62,0,0,3,
421754,435725,2301,0,11,7,1006,640,100,999,62,0,0,3,
421808,435727,2305,0,11,7,1007,640,100,999,62,0,0,3,
421988,435838,2310,0,11,8,1006,640,100,999,62,0,0,3,
422199,435928,2314,0,13,8,1008,640,100,999,62,0,0,3,
422322,435991,2319,0,12,8,1007,640,100,999,62,0,0,3,
422417,436019,2321,0,12,8,1005,640,100,999,62,0,0,3,
422572,436090,2320,0,10,9,1007,640,100,999,62,0,0,3,
422454,436035,2319,0,11,9,1005,640,100,999,62,0,0,3,
421441,435569,2307,0,10,8,1006,640,100,999,62,0,0,3,
420315,435076,2299,0,13,7,1006,640,100,999,62,0,0,3,
419754,434843,2297,0,10,8,1005,640,100,999,62,0,0,3,
419502,434746,2296,0,11,7,1006,640,100,999,62,0,0,3,
419207,434563,2296,0,12,9,1007,640,100,999,62,0,0,3,
419141,434576,2300,0,10,7,1006,640,100,999,62,0,0,3,
419499,434766,2306,0,11,8,1006,640,100,999,63,0,0,3,
419934,434977,2312,0,10,8,1007,640,100,999,63,0,0,3,
420327,435201,2316,0,11,6,1007,640,100,999,63,0,0,3,
420659,435361,2318,0,12,7,1003,640,100,999,63,0,0,3,
420926,435507,2326,0,11,7,1005,640,100,999,63,0,0,3,
421318,435697,2332,0,9,8,1005,640,100,999,63,0,0,3,
421516,435778,2338,0,11,9,1005,640,100,999,63,0,0,3,
421838,435943,2344,0,11,9,1006,640,100,999,63,0,0,3,
422132,436060,2350,0,11,8,1005,640,100,999,63,0,0,3,
422273,436133,2352,0,13,8,1006,640,100,999,63,0,0,3,
422448,436200,2361,0,11,9,1007,640,100,999,63,0,0,3,
422564,436221,2367,0,10,6,1004,640,100,999,63,0,0,3,
422731,436312,2370,0,12,8,1007,640,100,999,63,0,0,3,
423039,436473,2373,0,10,8,1007,640,100,999,63,0,0,3,
423138,436510,2371,0,11,8,1005,640,100,999,63,0,0,3,
423290,436578,2376,0,10,9,1007,640,100,999,63,0,0,3,
423661,436752,2378,0,10,7,1003,639,100,999,63,0,0,3,
423869,436854,2381,0,11,8,1007,639,100,999,63,0,0,3,
423804,436801,2375,0,12,7,1008,639,100,999,63,0,0,3,
422994,436447,2357,0,11,8,1004,639,100,999,63,0,0,3,
422196,436133,2336,0,12,9,1005,639,100,999,63,0,0,3,
421874,436016,2328,0,11,8,1006,639,100,999,63,0,0,3,
421919,436109,2320,0,10,8,1008,639,100,999,63,0,0,3,
422013,436161,2316,0,12,7,1007,639,100,999,63,0,0,3,
422085,436212,2312,0,12,8,1009,639,100,999,63,0,0,3,
422494,436434,2309,0,11,8,1008,639,100,999,64,0,0,3,
422920,436619,2314,0,12,9,1010,639,100,999,64,0,0,3,
422840,436541,2317,0,12,9,1008,639,100,999,64,0,0,3,
422763,436497,2320,0,11,8,1007,639,100,999,64,0,0,3,
422890,436565,2322,0,11,9,1008,639,100,999,64,0,0,3,
423062,436625,2323,0,11,8,1008,639,100,999,64,0,0,3,
423225,436695,2322,0,11,9,1007,638,100,999,64,0,0,3,
423450,436797,2327,0,11,9,1009,638,100,999,64,0,0,3,
423686,436901,2328,0,11,9,1007,638,100,999,64,0,0,3,
423849,436991,2330,0,11,8,1007,638,100,999,64,0,0,3,
424124,437090,2332,0,10,7,1006,638,100,999,64,0,0,3,
424353,437189,2328,0,11,9,1006,638,100,999,64,0,0,3,
424559,437304,2332,0,12,9,1005,638,100,999,64,0,0,3,
424705,437325,2334,0,11,7,1007,638,100,999,64,0,0,3,
424855,437391,2336,0,13,10,1007,638,100,999,64,0,0,3,
425049,437481,2338,0,11,9,1005,638,100,999,64,0,0,3,
425297,437586,2342,0,11,8,1007,637,100,999,64,0,0,3,
425400,437613,2341,0,10,8,1007,637,100,999,64,0,0,3,
424527,437181,2333,0,12,9,1007,637,100,999,64,0,0,3,
423367,436689,2319,0,12,9,1008,637,100,999,64,0,0,3,
422806,436465,2310,0,10,8,1007,637,100,999,64,0,0,3,
422596,436391,2307,0,10,9,1007,637,100,999,64,0,0,3,
422495,436342,2303,0,11,7,1005,637,100,999,64,0,0,3,
422489,436336,2306,0,11,9,1007,637,100,999,64,0,0,3,
422543,436357,2313,0,11,8,1004,637,100,999,64,0,0,3,
422850,436504,2320,0,13,10,1007,637,100,999,65,0,0,3,
423083,436589,2323,0,11,7,1005,637,100,999,65,0,0,3,
423157,436619,2325,0,10,9,1005,637,100,999,65,0,0,3,
423296,436695,2323,0,11,9,1007,637,100,999,65,0,0,3,
423562,436828,2329,0,10,9,1006,637,100,999,65,0,0,3,
423809,436922,2334,0,9,7,1005,637,100,999,65,0,0,3,
424019,437016,2340,0,12,7,1007,636,100,999,65,0,0,3,
424312,437153,2344,0,12,8,1008,636,100,999,65,0,0,3,
424642,437297,2346,0,10,7,1006,636,100,999,65,0,0,3,
424897,437394,2348,0,11,9,1006,636,100,999,65,0,0,3,
425147,437508,2354,0,10,8,1007,636,100,999,65,0,0,3,
425357,437592,2356,0,11,9,1006,636,100,999,65,0,0,3,
425497,437620,2359,0,11,8,1007,636,100,999,65,0,0,3,
425632,437666,2361,0,10,8,1004,636,100,999,65,0,0,3,
425743,437723,2361,0,11,8,1009,636,100,999,65,0,0,3,
425870,437748,2365,0,10,9,1005,636,100,999,65,0,0,3,
426022,437794,2370,0,12,9,1007,635,100,999,65,0,0,3,
425978,437755,2371,0,11,10,1009,635,100,999,65,0,0,3,
424784,437168,2353,0,11,9,1007,635,100,999,65,0,0,3,
423604,436671,2332,0,11,8,1005,635,100,999,65,0,0,3,
422978,436429,2322,0,10,8,1007,635,100,999,65,0,0,3,
422791,436357,2320,0,10,9,1008,634,100,999,65,0,0,3,
422678,436316,2319,0,12,8,1007,634,100,999,65,0,0,3,
422576,436261,2318,0,11,9,1003,634,100,999,65,0,0,3,
422640,436299,2320,0,10,7,1010,634,100,999,65,0,0,3,
422882,436384,2321,0,10,7,1006,634,100,999,66,0,0,3,
423058,436473,2323,0,11,9,1009,634,100,999,66,0,0,3,
423212,436555,2324,0,10,8,1004,634,100,999,66,0,0,3,
423454,436676,2326,0,11,8,1008,634,100,999,66,0,0,3,
423609,436728,2329,0,11,8,1005,634,100,999,66,0,0,3,
423780,436792,2331,0,11,7,1005,634,100,999,66,0,0,3,
424092,436934,2334,0,12,8,1005,633,100,999,66,0,0,3,
424366,437052,2342,0,10,8,1008,633,100,999,66,0,0,3,
424626,437169,2347,0,10,8,1007,633,100,999,66,0,0,3,
424877,437275,2353,0,9,9,1005,633,100,999,66,0,0,3,
425100,437368,2356,0,11,9,1005,633,100,999,66,0,0,3,
425325,437459,2357,0,11,8,1006,632,100,999,66,0,0,3,
425526,437560,2360,0,9,8,1007,632,100,999,66,0,0,3,
425653,437576,2365,0,12,8,1007,632,100,999,66,0,0,3,
425832,437681,2368,0,11,7,1006,632,100,999,66,0,0,3,
426048,437761,2372,0,10,7,1006,632,100,999,66,0,0,3,
426114,437767,2375,0,11,8,1009,631,100,999,66,0,0,3,
425749,437581,2365,0,11,9,1007,631,100,999,66,0,0,3,
424582,437049,2347,0,10,7,1006,631,100,999,66,0,0,3,
423658,436657,2333,0,11,8,1008,631,100,999,66,0,0,3,
423137,436442,2326,0,10,8,1006,631,100,999,66,0,0,3,
422961,436366,2322,0,10,8,1007,630,100,999,66,0,0,3,
422873,436350,2318,0,12,8,1005,630,100,999,66,0,0,3,
422822,436317,2317,0,11,8,1003,630,100,999,66,0,0,3,
423028,436438,2322,0,10,9,1006,630,100,999,66,0,0,3,
423426,436609,2325,0,11,6,1005,630,100,999,67,0,0,3,
423592,436692,2326,0,13,8,1006,629,100,999,67,0,0,3,
423638,436696,2326,0,11,8,1008,629,100,999,67,0,0,3,
423751,436748,2324,0,12,7,1005,629,100,999,67,0,0,3,
423991,436861,2329,0,11,9,1007,629,100,999,67,0,0,3,
424252,436978,2333,0,10,7,1007,629,100,999,67,0,0,3,
424484,437072,2337,0,12,7,1006,628,100,999,67,0,0,3,
424716,437177,2340,0,11,9,1006,628,100,999,67,0,0,3,
424897,437215,2343,0,11,7,1005,628,100,999,67,0,0,3,
424999,437261,2343,0,10,7,1005,628,100,999,67,0,0,3,
425101,437315,2348,0,12,7,1006,628,100,999,67,0,0,3,
425263,437374,2351,0,11,7,1009,627,100,999,67,0,0,3,
425454,437472,2353,0,11,9,1006,627,100,999,67,0,0,3,
425611,437493,2356,0,11,8,1004,627,100,999,67,0,0,3,
425773,437589,2355,0,12,8,1007,627,100,999,67,0,0,3,
425898,437633,2363,0,10,7,1007,627,100,999,67,0,0,3,
425516,437396,2360,0,12,8,1005,626,100,999,67,0,0,3,
424317,436874,2342,0,11,7,1007,626,100,999,67,0,0,3,
423348,436448,2328,0,12,8,1006,626,100,999,67,0,0,3,
422920,436256,2321,0,10,8,1005,626,100,999,67,0,0,3,
422685,436161,2316,0,11,7,1004,626,100,999,67,0,0,3,
422501,436085,2317,0,11,6,1005,626,100,999,67,0,0,3,
422454,436063,2317,0,10,6,1007,626,100,999,67,0,0,3,
422667,436176,2321,0,10,7,1005,626,100,999,67,0,0,3,
422954,436295,2324,0,11,8,1006,626,100,999,67,0,0,3,
422991,436287,2320,0,10,8,1006,626,100,999,70,0,0,3,
423007,436296,2322,0,10,8,1005,625,100,999,70,0,0,3,
423169,436380,2323,0,11,7,1005,625,100,999,70,0,0,3,
423456,436510,2326,0,12,9,1005,625,100,999,70,0,0,3,
423689,436592,2329,0,10,9,1005,625,100,999,70,0,0,3,
423912,436691,2331,0,10,8,1006,625,100,999,70,0,0,3,
424112,436783,2330,0,10,9,1006,624,100,999,70,0,0,3,
424386,436906,2336,0,11,9,1006,624,100,999,70,0,0,3,
424689,437068,2341,0,11,6,1005,624,100,999,70,0,0,3,
424915,437129,2346,0,10,9,1008,624,100,999,70,0,0,3,
425126,437226,2350,0,10,8,1006,624,100,999,70,0,0,3,
425321,437292,2350,0,10,6,1006,624,100,999,70,0,0,3,
425446,437351,2357,0,12,8,1009,624,100,999,70,0,0,3,
425629,437426,2362,0,10,7,1006,624,100,999,70,0,0,3,
425793,437489,2368,0,11,8,1008,624,100,999,70,0,0,3,
425796,437457,2370,0,10,8,1008,624,100,999,70,0,0,3,
424828,436997,2355,0,12,8,1008,623,100,999,70,0,0,3,
423612,436462,2333,0,11,10,1007,623,100,999,70,0,0,3,
422820,436105,2328,0,11,8,1004,623,100,999,70,0,0,3,
422542,436006,2324,0,10,9,1006,623,100,999,70,0,0,3,
422401,435949,2321,0,13,10,1007,623,100,999,70,0,0,3,
422190,435850,2321,0,11,10,1007,623,100,999,70,0,0,3,
422291,435921,2320,0,11,7,1006,623,100,999,70,0,0,3,
422598,436042,2326,0,10,9,1005,623,100,999,70,0,0,3,
422755,436114,2330,0,11,7,1004,623,100,999,70,0,0,3,
422759,436103,2334,0,12,9,1006,623,100,999,73,0,0,3,
422882,436165,2336,0,10,8,1005,622,100,999,73,0,0,3,
423162,436282,2340,0,12,9,1008,622,100,999,73,0,0,3,
423421,436394,2341,0,10,8,1005,622,100,999,73,0,0,3,
423698,436520,2349,0,9,8,1007,622,100,999,73,0,0,3,
423987,436629,2356,0,10,8,1007,622,100,999,73,0,0,3,
424285,436778,2359,0,10,7,1005,622,100,999,73,0,0,3,
424521,436872,2364,0,10,8,1005,622,100,999,73,0,0,3,
424757,436956,2366,0,10,10,1007,622,100,999,73,0,0,3,
424936,437046,2370,0,11,9,1007,622,100,999,73,0,0,3,
425216,437162,2374,0,10,7,1006,622,100,999,73,0,0,3,
425399,437219,2378,0,11,8,1008,621,100,999,73,0,0,3,
425494,437243,2382,0,12,8,1006,621,100,999,73,0,0,3,
425588,437294,2385,0,10,9,1009,621,100,999,73,0,0,3,
425768,437360,2383,0,10,9,1008,621,100,999,73,0,0,3,
425448,437184,2381,0,9,8,1006,621,100,999,73,0,0,3,
424070,436543,2362,0,12,9,1006,621,100,999,73,0,0,3,
422934,436054,2347,0,12,9,1007,621,100,999,73,0,0,3,
422407,435843,2338,0,11,8,1009,621,100,999,73,0,0,3,
422208,435785,2330,0,11,8,1007,621,100,999,73,0,0,3,
422041,435700,2327,0,12,8,1007,621,100,999,73,0,0,3,
421952,435664,2328,0,12,9,1007,620,100,999,73,0,0,3,
422165,435755,2330,0,11,8,1007,620,100,999,73,0,0,3,
422436,435868,2332,0,10,7,1005,620,100,999,73,0,0,3,
422535,435913,2334,0,12,9,1006,620,100,999,73,0,0,3,
422614,435954,2331,0,10,8,1007,620,100,999,76,0,0,3,
422823,436064,2334,0,11,8,1005,619,100,999,76,0,0,3,
423067,436182,2336,0,12,9,1009,619,100,999,76,0,0,3,
423291,436266,2338,0,11,8,1008,619,100,999,76,0,0,3,
423601,436413,2343,0,10,8,1004,619,100,999,76,0,0,3,
423937,436566,2344,0,10,10,1006,619,100,999,76,0,0,3,
424270,436700,2345,0,12,8,1006,618,100,999,76,0,0,3,
424401,436763,2350,0,12,7,1005,618,100,999,76,0,0,3,
424573,436813,2353,0,10,10,1004,618,100,999,76,0,0,3,
424738,436878,2357,0,11,8,1005,618,100,999,76,0,0,3,
424889,436903,2358,0,11,8,1007,618,100,999,76,0,0,3,
425040,436996,2357,0,11,9,1006,618,100,999,76,0,0,3,
425268,437092,2361,0,10,8,1005,618,100,999,76,0,0,3,
425510,437195,2366,0,11,7,1007,618,100,999,76,0,0,3,
425588,437231,2368,0,11,8,1007,618,100,999,76,0,0,3,
424734,436818,2354,0,12,8,1007,618,100,999,76,0,0,3,
423564,436296,2334,0,10,10,1005,617,100,999,76,0,0,3,
422828,435972,2321,0,11,8,1007,617,100,999,76,0,0,3,
422534,435884,2319,0,10,8,1008,617,100,999,76,0,0,3,
422377,435809,2317,0,10,8,1006,617,100,999,76,0,0,3,
422305,435789,2316,0,12,8,1005,617,100,999,76,0,0,3,
422454,435883,2319,0,11,8,1004,616,100,999,76,0,0,3,
422768,436023,2323,0,11,8,1005,616,100,999,76,0,0,3,
422918,436060,2323,0,11,7,1005,616,100,999,76,0,0,3,
422916,436046,2326,0,12,8,1005,616,100,999,76,0,0,3,
423014,436115,2328,0,11,7,1006,616,100,999,78,0,0,3,
423306,436249,2331,0,10,7,1006,615,100,999,78,0,0,3,
423611,436390,2334,0,12,8,1009,615,100,999,78,0,0,3,
423968,436551,2335,0,10,8,1006,615,100,999,78,0,0,3,
424378,436737,2342,0,10,7,1008,615,100,999,78,0,0,3,
424635,436833,2347,0,11,9,1006,615,100,999,78,0,0,3,
424817,436907,2352,0,10,7,1007,615,100,999,78,0,0,3,
425089,437058,2355,0,11,8,1007,615,100,999,78,0,0,3,
425342,437145,2358,0,12,8,1005,615,100,999,78,0,0,3,
425513,437223,2359,0,10,8,1007,615,100,999,78,0,0,3,
425580,437215,2365,0,10,8,1006,615,100,999,78,0,0,3,
425691,437281,2368,0,10,9,1003,614,100,999,78,0,0,3,
425915,437370,2372,0,10,8,1005,614,100,999,78,0,0,3,
425858,437324,2372,0,10,7,1004,614,100,999,78,0,0,3,
424724,436762,2351,0,11,6,1006,614,100,999,78,0,0,3,
423477,436222,2336,0,10,8,1005,614,100,999,78,0,0,3,
422828,435960,2327,0,10,7,1005,614,100,999,78,0,0,3,
422547,435845,2322,0,9,7,1007,614,100,999,78,0,0,3,
422338,435743,2319,0,10,8,1005,614,100,999,78,0,0,3,
422153,435693,2318,0,12,6,1006,614,100,999,78,0,0,3,
422288,435740,2317,0,10,8,1006,614,100,999,78,0,0,3,
422566,435855,2324,0,12,9,1005,614,100,999,78,0,0,3,
422756,435933,2327,0,10,7,1006,614,100,999,78,0,0,3,
422758,435926,2328,0,10,9,1005,614,100,999,78,0,0,3,
422836,435961,2330,0,10,8,1006,614,100,999,78,0,0,3,
423109,436082,2330,0,10,9,1005,614,100,999,80,0,0,3,
423344,436175,2335,0,10,7,1005,613,100,999,80,0,0,3,
423693,436340,2339,0,10,8,1006,613,100,999,80,0,0,3,
424097,436529,2343,0,11,8,1005,613,100,999,80,0,0,3,
424432,436679,2348,0,10,9,1004,613,100,999,80,0,0,3,
424723,436802,2351,0,10,9,1004,613,100,999,80,0,0,3,
425045,436956,2352,0,10,8,1005,613,100,999,80,0,0,3,
425329,437067,2358,0,10,10,1005,613,100,999,80,0,0,3,
425515,437122,2363,0,10,8,1005,613,100,999,80,0,0,3,
425757,437233,2365,0,11,9,1004,613,100,999,80,0,0,3,
425945,437312,2368,0,11,10,1005,613,100,999,80,0,0,3,
426144,437377,2367,0,9,7,1008,613,100,999,80,0,0,3,
426222,437406,2373,0,11,10,1006,613,100,999,80,0,0,3,
425462,437027,2362,0,12,10,1006,613,100,999,80,0,0,3,
424002,436363,2339,0,12,8,1005,613,100,999,80,0,0,3,
423156,435990,2327,0,10,8,1006,613,100,999,80,0,0,3,
422875,435918,2321,0,12,9,1009,613,100,999,80,0,0,3,
422619,435788,2314,0,9,9,1005,613,100,999,80,0,0,3,
422390,435677,2313,0,11,9,1005,613,100,999,80,0,0,3,
422425,435718,2314,0,10,9,1005,613,100,999,80,0,0,3,
422769,435880,2319,0,10,8,1006,613,100,999,80,0,0,3,
423070,436000,2322,0,10,9,1005,612,100,999,80,0,0,3,
423018,435963,2320,0,11,7,1003,612,100,999,80,0,0,3,
423173,436033,2322,0,9,7,1007,612,100,999,80,0,0,3,
423424,436176,2325,0,10,7,1007,612,100,999,80,0,0,3,
423615,436230,2328,0,10,8,1004,612,100,999,82,0,0,3,
423878,436350,2332,0,10,8,1004,612,100,999,82,0,0,3,
424205,436502,2335,0,9,7,1005,612,100,999,82,0,0,3,
424521,436635,2336,0,11,7,1008,612,100,999,82,0,0,3,
424770,436715,2342,0,10,8,1006,612,100,999,82,0,0,3,
424981,436818,2348,0,10,8,1007,612,100,999,82,0,0,3,
425074,436847,2351,0,9,9,1004,612,100,999,82,0,0,3,
425219,436905,2354,0,12,7,1006,612,100,999,82,0,0,3,
425416,436979,2354,0,9,8,1005,612,100,999,82,0,0,3,
425488,436990,2358,0,10,8,1007,612,100,999,82,0,0,3,
425706,437083,2362,0,9,9,1003,612,100,999,82,0,0,3,
425878,437145,2366,0,9,7,1009,612,100,999,82,0,0,3,
425850,437109,2366,0,10,10,1008,612,100,999,82,0,0,3,
424699,436560,2350,0,10,8,1005,612,100,999,82,0,0,3,
423398,435992,2328,0,10,9,1006,612,100,999,82,0,0,3,
422718,435720,2321,0,9,9,1004,612,100,999,82,0,0,3,
422364,435561,2316,0,9,9,1007,612,100,999,82,0,0,3,
422132,435466,2313,0,10,9,1006,612,100,999,82,0,0,3,
422037,435428,2312,0,10,9,1003,612,100,999,82,0,0,3,
422104,435467,2312,0,10,10,1007,612,100,999,82,0,0,3,
422390,435586,2317,0,10,8,1005,612,100,999,82,0,0,3,
422609,435676,2320,0,9,9,1005,611,100,999,82,0,0,3,
422620,435675,2322,0,10,8,1007,611,100,999,82,0,0,3,
422757,435742,2324,0,11,7,1006,611,100,999,82,0,0,3,
422935,435821,2326,0,11,9,1006,611,100,999,82,0,0,3,
423147,435905,2327,0,10,9,1003,611,100,999,83,0,0,3,
423342,435984,2332,0,8,8,1007,611,100,999,83,0,0,3,
423622,436114,2337,0,10,9,1006,611,100,999,83,0,0,3,
423967,436269,2339,0,10,9,1007,611,100,999,83,0,0,3,
424223,436402,2342,0,9,8,1004,611,100,999,83,0,0,3,
424422,436465,2344,0,10,8,1006,611,100,999,83,0,0,3,
424586,436518,2347,0,9,10,1006,611,100,999,83,0,0,3,
424834,436647,2351,0,9,9,1006,611,100,999,83,0,0,3,
425055,436728,2354,0,10,9,1004,611,100,999,83,0,0,3,
425161,436769,2359,0,9,9,1006,611,100,999,83,0,0,3,
425289,436806,2362,0,10,8,1008,611,100,999,83,0,0,3,
425453,436879,2362,0,10,9,1006,611,100,999,83,0,0,3,
425449,436852,2364,0,10,9,1006,611,100,999,83,0,0,3,
424306,436306,2347,0,11,9,1006,611,100,999,83,0,0,3,
423113,435796,2332,0,10,9,1004,611,100,999,83,0,0,3,
422630,435568,2327,0,10,9,1008,611,100,999,83,0,0,3,
422427,435497,2320,0,9,8,1006,611,100,999,83,0,0,3,
422330,435448,2318,0,10,8,1006,611,100,999,83,0,0,3,
422312,435450,2319,0,11,9,1005,611,100,999,83,0,0,3,
422499,435547,2324,0,10,7,1005,611,100,999,83,0,0,3,
422711,435603,2328,0,9,9,1006,611,100,999,83,0,0,3,
422859,435668,2329,0,9,9,1005,611,100,999,83,0,0,3,
422920,435703,2328,0,11,9,1005,611,100,999,83,0,0,3,
423049,435759,2330,0,10,10,1006,611,100,999,83,0,0,3,
423311,435883,2333,0,10,8,1007,611,100,999,83,0,0,3,
423571,435997,2338,0,12,7,1007,611,100,999,85,0,0,3,
423777,436082,2341,0,10,9,1004,611,100,999,85,0,0,3,
423915,436126,2343,0,9,9,1005,611,100,999,85,0,0,3,
424102,436221,2342,0,10,10,1007,611,100,999,85,0,0,3,
424418,436384,2347,0,10,9,1006,611,100,999,85,0,0,3,
424624,436458,2352,0,10,10,1006,611,100,999,85,0,0,3,
424814,436530,2354,0,10,10,1009,611,100,999,85,0,0,3,
425049,436626,2359,0,9,10,1007,611,100,999,85,0,0,3,
425205,436694,2361,0,11,10,1005,611,100,999,85,0,0,3,
425359,436743,2365,0,11,11,1006,611,100,999,85,0,0,3,
425561,436838,2369,0,10,9,1005,611,100,999,85,0,0,3,
425752,436896,2374,0,10,9,1006,611,100,999,85,0,0,3,
425459,436745,2370,0,10,10,1009,611,100,999,85,0,0,3,
424183,436164,2351,0,8,10,1008,611,100,999,85,0,0,3,
423325,435803,2336,0,8,9,1007,611,100,999,85,0,0,3,
423078,435703,2333,0,10,9,1007,611,100,999,85,0,0,3,
422889,435639,2331,0,10,10,1008,611,100,999,85,0,0,3,
422813,435571,2330,0,10,11,1005,611,100,999,85,0,0,3,
422829,435588,2331,0,10,10,1007,611,100,999,85,0,0,3,
423110,435740,2331,0,9,9,1005,611,100,999,85,0,0,3,
423449,435885,2333,0,10,10,1005,611,100,999,85,0,0,3,
423551,435911,2337,0,9,10,1007,612,100,999,85,0,0,3,
423672,435981,2339,0,10,10,1006,612,100,999,85,0,0,3,
423798,436020,2342,0,9,9,1006,612,100,999,85,0,0,3,
423995,436091,2343,0,9,10,1006,612,100,999,85,0,0,3,
424345,436265,2343,0,9,10,1006,612,100,999,86,0,0,3,
424705,436442,2349,0,10,11,1006,612,100,999,86,0,0,3,
425021,436570,2354,0,11,12,1008,612,100,999,86,0,0,3,
425240,436682,2360,0,10,10,1007,612,100,999,86,0,0,3,
425409,436725,2363,0,10,10,1009,612,100,999,86,0,0,3,
425527,436752,2365,0,10,10,1007,612,100,999,86,0,0,3,
425738,436846,2366,0,10,10,1006,612,100,999,86,0,0,3,
425922,436924,2371,0,9,10,1007,612,100,999,86,0,0,3,
425922,436924,2371,0,9,10,1007,612,100,999,86,0,0,3,
425991,436933,2375,0,7,11,1005,612,100,999,86,0,0,3,
426133,436995,2377,0,9,10,1007,612,100,999,86,0,0,3,
426294,437036,2379,0,9,9,1007,612,100,999,86,0,0,3,
426347,437065,2380,0,8,10,1009,612,100,999,86,0,0,3,
426047,436879,2379,0,10,11,1007,612,100,999,86,0,0,3,
424583,436202,2358,0,8,8,1004,612,100,999,86,0,0,3,
423590,435784,2346,0,9,11,1005,612,100,999,86,0,0,3,
423316,435656,2340,0,8,8,1004,612,100,999,86,0,0,3,
423232,435649,2336,0,10,11,1009,612,100,999,86,0,0,3,
423152,435600,2332,0,10,11,1005,612,100,999,86,0,0,3,
423096,435568,2334,0,11,11,1007,612,100,999,86,0,0,3,
423266,435630,2338,0,7,12,1007,612,100,999,86,0,0,3,
423504,435740,2342,0,8,10,1004,612,100,999,86,0,0,3,
423613,435778,2342,0,8,10,1005,612,100,999,86,0,0,3,
423724,435827,2340,0,10,10,1010,612,100,999,86,0,0,3,
423815,435873,2346,0,10,12,1009,612,100,999,86,0,0,3,
424004,435942,2349,0,11,9,1007,612,100,999,86,0,0,3,
424272,436075,2352,0,9,9,1004,612,100,999,87,0,0,3,
424469,436164,2356,0,9,10,1008,612,100,999,87,0,0,3,
424697,436241,2358,0,9,10,1009,612,100,999,87,0,0,3,
424976,436394,2359,0,8,9,1005,612,100,999,87,0,0,3,
425209,436494,2365,0,9,9,1005,612,100,999,87,0,0,3,
425408,436546,2369,0,9,10,1006,612,100,999,87,0,0,3,
425561,436607,2373,0,9,8,1009,612,100,999,87,0,0,3,
425702,436680,2375,0,10,12,1007,612,100,999,87,0,0,3,
425908,436762,2375,0,10,9,1008,612,100,999,87,0,0,3,
426057,436821,2381,0,10,10,1007,612,100,999,87,0,0,3,
426235,436888,2384,0,9,10,1004,612,100,999,87,0,0,3,
426343,436926,2388,0,9,9,1008,612,100,999,87,0,0,3,
426063,436770,2385,0,10,11,1006,612,100,999,87,0,0,3,
424687,436125,2363,0,11,9,1004,612,100,999,87,0,0,3,
423664,435698,2345,0,9,10,1004,612,100,999,87,0,0,3,
423342,435551,2343,0,8,10,1007,612,100,999,87,0,0,3,
423266,435535,2338,0,10,10,1006,612,100,999,87,0,0,3,
423169,435496,2337,0,10,9,1007,612,100,999,87,0,0,3,
423141,435503,2336,0,10,10,1005,612,100,999,87,0,0,3,
423366,435597,2335,0,10,9,1006,612,100,999,87,0,0,3,
423628,435696,2340,0,10,10,1008,612,100,999,87,0,0,3,
423691,435716,2342,0,9,10,1007,612,100,999,87,0,0,3,
423687,435702,2342,0,9,10,1003,612,100,999,87,0,0,3,
423840,435805,2342,0,9,9,1008,612,100,999,87,0,0,3,
424137,435941,2345,0,9,8,1004,612,100,999,87,0,0,3,
424444,436089,2344,0,10,9,1005,612,100,999,88,0,0,3,
424740,436204,2350,0,10,10,1005,612,100,999,88,0,0,3,
425022,436337,2355,0,9,9,1006,612,100,999,88,0,0,3,
425287,436440,2359,0,10,9,1005,612,100,999,88,0,0,3,
425543,436576,2363,0,10,10,1006,612,100,999,88,0,0,3,
425732,436620,2363,0,10,10,1006,612,100,999,88,0,0,3,
425905,436700,2367,0,10,11,1009,612,100,999,88,0,0,3,
426036,436746,2372,0,10,10,1008,612,100,999,88,0,0,3,
426185,436803,2373,0,10,10,1006,612,100,999,88,0,0,3,
426349,436881,2377,0,10,10,1006,612,100,999,88,0,0,3,
426520,436952,2382,0,11,10,1006,612,100,999,88,0,0,3,
426581,436974,2381,0,9,9,1007,611,100,999,88,0,0,3,
425899,436631,2372,0,10,8,1006,611,100,999,88,0,0,3,
424491,435981,2354,0,9,9,1004,611,100,999,88,0,0,3,
423740,435655,2346,0,8,9,1006,611,100,999,88,0,0,3,
423521,435572,2342,0,8,9,1005,611,100,999,88,0,0,3,
423354,435480,2338,0,11,10,1003,611,100,999,88,0,0,3,
423236,435438,2338,0,10,11,1006,611,100,999,88,0,0,3,
423341,435495,2341,0,9,10,1006,611,100,999,88,0,0,3,
423624,435616,2346,0,8,9,1006,611,100,999,88,0,0,3,
423703,435620,2348,0,8,9,1007,611,100,999,88,0,0,3,
423670,435608,2350,0,10,10,1005,611,100,999,88,0,0,3,
423756,435653,2348,0,8,10,1005,611,100,999,88,0,0,3,
423874,435685,2353,0,10,9,1005,611,100,999,88,0,0,3,
424050,435774,2355,0,10,10,1008,611,100,999,88,0,0,3,
424345,435902,2360,0,10,10,1006,611,100,999,89,0,0,3,
424651,436050,2363,0,8,10,1006,611,100,999,89,0,0,3,
424955,436175,2364,0,9,10,1006,611,100,999,89,0,0,3,
425186,436282,2368,0,9,10,1008,611,100,999,89,0,0,3,
425468,436411,2373,0,10,10,1006,611,100,999,89,0,0,3,
425707,436518,2376,0,8,9,1007,611,100,999,89,0,0,3,
425965,436619,2379,0,9,10,1008,611,100,999,89,0,0,3,
426195,436746,2382,0,9,9,1006,611,100,999,89,0,0,3,
426332,436761,2381,0,10,10,1007,611,100,999,89,0,0,3,
426499,436849,2385,0,10,10,1007,611,100,999,89,0,0,3,
426703,436928,2389,0,7,9,1005,611,100,999,89,0,0,3,
426572,436847,2388,0,8,10,1008,611,100,999,89,0,0,3,
425238,436191,2368,0,10,10,1006,611,100,999,89,0,0,3,
424075,435706,2350,0,9,10,1008,611,100,999,89,0,0,3,
423519,435449,2343,0,8,10,1007,611,100,999,89,0,0,3,
423335,435367,2340,0,9,10,1007,611,100,999,89,0,0,3,
423173,435305,2337,0,10,10,1007,611,100,999,89,0,0,3,
422992,435236,2336,0,11,10,1005,611,100,999,89,0,0,3,
423065,435281,2339,0,8,10,1007,611,100,999,89,0,0,3,
423367,435412,2340,0,7,10,1007,611,100,999,89,0,0,3,
423536,435484,2342,0,8,10,1009,611,100,999,89,0,0,3,
423564,435494,2345,0,9,10,1006,611,100,999,89,0,0,3,
423783,435622,2349,0,10,11,1006,611,100,999,89,0,0,3,
424038,435721,2352,0,8,9,1006,611,100,999,89,0,0,3,
424348,435846,2354,0,10,10,1003,611,100,999,89,0,0,3,
424673,436007,2356,0,10,10,1006,611,100,999,90,0,0,3,
425050,436202,2364,0,10,11,1007,611,100,999,90,0,0,3,
425386,436364,2369,0,10,9,1007,611,100,999,90,0,0,3,
425660,436470,2374,0,9,10,1006,611,100,999,90,0,0,3,
425915,436576,2378,0,10,10,1004,611,100,999,90,0,0,3,
426098,436654,2379,0,8,9,1008,611,100,999,90,0,0,3,
426228,436706,2384,0,8,10,1007,611,100,999,90,0,0,3,
426437,436790,2389,0,9,10,1005,611,100,999,90,0,0,3,
426555,436819,2393,0,11,10,1008,611,100,999,90,0,0,3,
426688,436886,2397,0,9,9,1007,611,100,999,90,0,0,3,
426813,436921,2400,0,9,11,1008,611,100,999,90,0,0,3,
426717,436872,2396,0,9,10,1006,611,100,999,90,0,0,3,
425492,436275,2382,0,10,10,1009,611,100,999,90,0,0,3,
424206,435714,2364,0,9,11,1007,611,100,999,90,0,0,3,
423704,435524,2355,0,9,11,1006,611,100,999,90,0,0,3,
423509,435452,2350,0,7,11,1007,611,100,999,90,0,0,3,
423272,435326,2346,0,9,12,1006,610,100,999,90,0,0,3,
423229,435340,2343,0,9,11,1004,610,100,999,90,0,0,3,
423371,435411,2347,0,10,10,1007,610,100,999,90,0,0,3,
423699,435570,2352,0,10,13,1006,610,100,999,90,0,0,3,
423874,435642,2354,0,8,10,1008,610,100,999,90,0,0,3,
423917,435673,2353,0,10,10,1004,610,100,999,90,0,0,3,
424044,435717,2352,0,9,11,1008,610,100,999,90,0,0,3,
424243,435796,2356,0,9,10,1003,610,100,999,90,0,0,3,
424540,435954,2360,0,9,10,1006,610,100,999,90,0,0,3,
424897,436093,2363,0,8,10,1008,610,100,999,91,0,0,3,
425303,436313,2368,0,9,10,1006,609,100,999,91,0,0,3,
425682,436469,2369,0,9,10,1005,609,100,999,91,0,0,3,
425920,436588,2372,0,9,10,1005,609,100,999,91,0,0,3,
426160,436670,2376,0,9,10,1005,609,100,999,91,0,0,3,
426333,436736,2379,0,9,9,1004,609,100,999,91,0,0,3,
426503,436828,2383,0,8,10,1009,609,100,999,91,0,0,3,
426801,436949,2384,0,8,11,1005,609,100,999,91,0,0,3,
427015,437052,2384,0,9,10,1005,609,100,999,91,0,0,3,
427063,437035,2390,0,10,11,1004,609,100,999,91,0,0,3,
427173,437081,2394,0,8,11,1005,609,100,999,91,0,0,3,
427202,437091,2395,0,9,12,1007,608,100,999,91,0,0,3,
426462,436719,2385,0,10,10,1006,608,100,999,91,0,0,3,
424973,436038,2363,0,10,11,1007,608,100,999,91,0,0,3,
424152,435683,2350,0,9,10,1005,608,100,999,91,0,0,3,
423918,435606,2346,0,9,9,1008,608,100,999,91,0,0,3,
423793,435549,2342,0,10,10,1009,608,100,999,91,0,0,3,
423748,435533,2340,0,8,10,1007,608,100,999,91,0,0,3,
423798,435567,2341,0,9,10,1005,608,100,999,91,0,0,3,
424128,435747,2341,0,8,10,1007,608,100,999,91,0,0,3,
424391,435834,2346,0,9,10,1006,608,100,999,91,0,0,3,
424355,435817,2347,0,9,9,1005,607,100,999,91,0,0,3,
424420,435819,2349,0,10,10,1006,607,100,999,91,0,0,3,
424593,435898,2352,0,10,8,1007,607,100,999,91,0,0,3,
424780,436008,2354,0,8,11,1007,607,100,999,91,0,0,3,
424989,436076,2355,0,10,9,1005,607,100,999,92,0,0,3,
425287,436211,2363,0,10,9,1006,606,100,999,92,0,0,3,
425660,436399,2367,0,9,9,1005,606,100,999,92,0,0,3,
425899,436484,2370,0,10,10,1007,606,100,999,92,0,0,3,
426055,436559,2373,0,8,9,1004,606,100,999,92,0,0,3,
426241,436631,2373,0,8,8,1007,606,100,999,92,0,0,3,
426295,436654,2379,0,10,11,1007,606,100,999,92,0,0,3,
426328,436616,2382,0,10,10,1007,606,100,999,92,0,0,3,
426292,436595,2385,0,10,11,1006,606,100,999,92,0,0,3,
426385,436641,2388,0,9,10,1009,606,100,999,92,0,0,3,
426462,436650,2392,0,10,10,1007,606,100,999,92,0,0,3,
426419,436637,2387,0,10,11,1007,605,100,999,92,0,0,3,
425269,436080,2374,0,10,10,1007,605,100,999,92,0,0,3,
423945,435487,2358,0,8,10,1006,605,100,999,92,0,0,3,
423358,435223,2350,0,9,10,1007,605,100,999,92,0,0,3,
423184,435173,2344,0,9,10,1006,605,100,999,92,0,0,3,
422996,435100,2339,0,10,12,1006,605,100,999,92,0,0,3,
422904,435038,2340,0,9,10,1005,605,100,999,92,0,0,3,
423047,435131,2343,0,10,10,1008,605,100,999,92,0,0,3,
423350,435274,2346,0,10,11,1007,605,100,999,92,0,0,3,
423502,435328,2346,0,9,10,1006,605,100,999,92,0,0,3,
423531,435361,2346,0,10,11,1007,605,100,999,92,0,0,3,
423728,435458,2343,0,9,11,1005,605,100,999,92,0,0,3,
423961,435547,2349,0,8,11,1008,605,100,999,92,0,0,3,
424160,435631,2353,0,9,11,1006,605,100,999,92,0,0,3,
424431,435739,2356,0,8,11,1009,605,100,999,92,0,0,3,
424638,435829,2359,0,9,10,1009,604,100,999,92,0,0,3,
424920,435943,2360,0,10,10,1004,604,100,999,92,0,0,3,
425182,436074,2365,0,9,10,1009,604,100,999,92,0,0,3,
425400,436156,2368,0,9,11,1007,604,100,999,92,0,0,3,
425510,436177,2371,0,10,10,1007,604,100,999,92,0,0,3,
425665,436263,2372,0,8,10,1009,604,100,999,92,0,0,3,
425885,436339,2374,0,10,11,1005,604,100,999,92,0,0,3,
426061,436422,2370,0,10,10,1006,604,100,999,92,0,0,3,
426219,436478,2375,0,9,10,1007,604,100,999,92,0,0,3,
426421,436565,2378,0,9,12,1007,604,100,999,92,0,0,3,
426195,436440,2373,0,9,12,1006,604,100,999,92,0,0,3,
424819,435792,2353,0,10,11,1006,604,100,999,92,0,0,3,
423697,435312,2333,0,9,10,1007,604,100,999,92,0,0,3,
423237,435127,2327,0,8,10,1006,604,100,999,92,0,0,3,
423083,435069,2323,0,9,11,1006,604,100,999,92,0,0,3,
422902,435021,2322,0,9,11,1006,603,100,999,92,0,0,3,
422861,434988,2323,0,10,10,1006,603,100,999,92,0,0,3,
423037,435087,2327,0,9,10,1005,603,100,999,92,0,0,3,
423342,435230,2328,0,8,11,1009,603,100,999,92,0,0,3,
423451,435278,2334,0,8,9,1006,603,100,999,92,0,0,3,
423492,435294,2336,0,9,9,1005,603,100,999,92,0,0,3,
423684,435381,2339,0,9,11,1003,603,100,999,92,0,0,3,
424005,435518,2343,0,7,9,1004,603,100,999,92,0,0,3,
424361,435700,2344,0,8,10,1004,603,100,999,92,0,0,3,
424745,435869,2351,0,8,10,1006,603,100,999,93,0,0,3,
425096,436029,2359,0,10,10,1008,603,100,999,93,0,0,3,
425397,436171,2364,0,9,10,1008,603,100,999,93,0,0,3,
425666,436277,2367,0,9,12,1006,603,100,999,93,0,0,3,
425874,436380,2372,0,10,11,1007,603,100,999,93,0,0,3,
426183,436534,2369,0,9,9,1006,603,100,999,93,0,0,3,
426502,436684,2375,0,9,10,1008,602,100,999,93,0,0,3,
426790,436811,2379,0,8,10,1004,602,100,999,93,0,0,3,
427006,436907,2382,0,9,11,1008,602,100,999,93,0,0,3,
427250,437027,2384,0,10,10,1006,602,100,999,93,0,0,3,
427525,437158,2384,0,9,11,1005,602,100,999,93,0,0,3,
427641,437194,2386,0,8,11,1007,602,100,999,93,0,0,3,
426740,436762,2373,0,9,10,1008,602,100,999,93,0,0,3,
425247,436090,2349,0,10,11,1004,602,100,999,93,0,0,3,
424393,435703,2339,0,8,10,1008,602,100,999,93,0,0,3,
424082,435572,2334,0,9,11,1005,602,100,999,93,0,0,3,
423922,435513,2325,0,10,13,1006,602,100,999,93,0,0,3,
423777,435452,2326,0,9,10,1007,602,100,999,93,0,0,3,
423788,435460,2327,0,8,11,1006,602,100,999,93,0,0,3,
424028,435585,2330,0,8,12,1004,602,100,999,93,0,0,3,
424260,435668,2332,0,9,11,1006,602,100,999,93,0,0,3,
424320,435686,2328,0,7,11,1008,602,100,999,93,0,0,3,
424258,435628,2328,0,8,9,1003,602,100,999,93,0,0,3,
424239,435594,2330,0,6,10,1006,602,100,999,93,0,0,3,
424287,435598,2332,0,9,11,1007,602,100,999,93,0,0,3,
424356,435611,2334,0,10,11,1004,602,100,999,93,0,0,3,
424441,435638,2336,0,8,10,1003,601,100,999,93,0,0,3,
424633,435725,2334,0,8,10,1008,601,100,999,93,0,0,3,
424834,435829,2337,0,8,11,1004,601,100,999,93,0,0,3,
425136,435990,2339,0,9,11,1007,601,100,999,93,0,0,3,
425594,436208,2339,0,8,9,1005,601,100,999,93,0,0,3,
426014,436409,2341,0,8,9,1007,601,100,999,93,0,0,3,
426281,436533,2341,0,8,9,1004,601,100,999,93,0,0,3,
426600,436678,2340,0,9,9,1006,601,100,999,93,0,0,3,
426840,436777,2342,0,8,11,1005,601,100,999,93,0,0,3,
427000,436829,2343,0,10,10,1006,601,100,999,93,0,0,3,
426873,436749,2341,0,10,12,1006,601,100,999,93,0,0,3,
425676,436139,2325,0,9,9,1007,601,100,999,93,0,0,3,
424313,435517,2302,0,10,11,1004,601,100,999,93,0,0,3,
423639,435235,2292,0,10,10,1005,601,100,999,93,0,0,3,
423480,435192,2282,0,7,9,1003,601,100,999,93,0,0,3,
423344,435144,2277,0,8,8,1009,600,100,999,93,0,0,3,
423226,435083,2270,0,9,11,1004,600,100,999,93,0,0,3,
423460,435236,2262,0,8,10,1006,600,100,999,93,0,0,3,
423715,435334,2257,0,7,11,1005,600,100,999,93,0,0,3,
423649,435273,2250,0,8,9,1006,600,100,999,93,0,0,3,
423682,435288,2238,0,7,10,1005,600,100,999,93,0,0,3,
423780,435317,2226,0,8,9,1005,600,100,999,93,0,0,3,
423743,435299,2213,0,8,11,1005,600,100,999,93,0,0,3,
423851,435329,2192,0,10,11,1005,600,100,999,93,0,0,3,
424079,435424,2169,0,8,11,1005,600,100,999,94,0,0,3,
424331,435551,2142,0,8,10,1006,600,100,999,94,0,0,3,
424552,435677,2106,0,8,11,1007,600,100,999,94,0,0,3,
425003,435927,2060,0,8,13,1008,600,100,999,94,0,0,3,
425425,436100,2010,0,8,10,1003,600,100,999,94,0,0,3,
425593,436185,1960,0,8,12,1008,600,100,999,94,0,0,3,
425729,436186,1918,0,8,10,1007,600,100,999,94,0,0,3,
425700,436134,1885,0,8,12,1006,600,100,999,94,0,0,3,
425667,436084,1864,0,10,12,1008,600,100,999,94,0,0,3,
425746,436129,1843,0,9,12,1007,600,100,999,94,0,0,3,
426088,436285,1822,0,6,10,1005,600,100,999,94,0,0,3,
426022,436260,1803,0,7,10,1008,599,100,999,94,0,0,3,
424801,435716,1774,0,8,10,1009,599,100,999,94,0,0,3,
423758,435255,1758,0,9,10,1009,599,100,999,94,0,0,3,
423326,435075,1756,0,8,13,1009,599,100,999,94,0,0,3,
423167,435018,1764,0,8,12,1008,599,100,999,94,0,0,3,
422895,434892,1785,0,10,12,1008,599,100,999,94,0,0,3,
422689,434757,1809,0,7,10,1007,599,100,999,94,0,0,3,
422653,434722,1830,0,7,10,1007,599,100,999,94,0,0,3,
422604,434661,1845,0,9,12,1005,599,100,999,94,0,0,3,
422392,434544,1858,0,9,12,1006,599,100,999,94,0,0,3,
422261,434479,1869,0,8,12,1009,599,100,999,94,0,0,3,
422250,434503,1877,0,8,12,1005,599,100,999,94,0,0,3,
422430,434595,1883,0,6,10,1008,599,100,999,94,0,0,3,
422828,434823,1886,0,8,13,1002,599,100,999,94,0,0,3,
423020,434894,1888,0,10,12,1005,599,100,999,94,0,0,3,
423266,435017,1888,0,8,14,1007,599,100,999,94,0,0,3,
423534,435153,1887,0,8,11,1006,599,100,999,94,0,0,3,
423723,435247,1889,0,7,11,1010,599,100,999,94,0,0,3,
423750,435248,1890,0,7,14,1002,599,100,999,94,0,0,3,
423992,435376,1890,0,7,13,1008,599,100,999,94,0,0,3,
424144,435459,1892,0,7,12,1010,599,100,999,94,0,0,3,
424216,435477,1893,0,5,14,1004,599,100,999,94,0,0,3,
424329,435536,1894,0,8,12,1004,599,100,999,94,0,0,3,
424610,435657,1894,0,8,14,1008,599,100,999,94,0,0,3,
424661,435647,1895,0,8,13,1008,599,100,999,94,0,0,3,
423901,435305,1885,0,7,13,1005,599,100,999,94,0,0,3,
423042,434936,1872,0,7,13,1005,599,100,999,94,0,0,3,
422519,434742,1861,0,6,13,1003,599,100,999,94,0,0,3,
422417,434732,1857,0,8,12,1007,599,100,999,94,0,0,3,
